Using pre-set license
Built from '2022.3/staging' branch; Version is '2022.3.9f1 (ea401c316338) revision 15351836'; Using compiler version '192829333'; Build Type 'Release'
OS: 'Windows 11  (10.0.26100) 64bit Core' Language: 'en' Physical Memory: 16235 MB
BatchMode: 1, IsHumanControllingUs: 0, StartBugReporterOnCrash: 0, Is64bit: 1, IsPro: 1

COMMAND LINE ARGUMENTS:
C:\Program Files\Unity\Hub\Editor\2022.3.9f1\Editor\Unity.exe
-adb2
-batchMode
-noUpm
-name
AssetImportWorker2
-projectPath
C:/Users/TheBa/OneDrive/Documents/GitHub/TimeoutCorner/TimeoutCorner
-logFile
Logs/AssetImportWorker2.log
-srvPort
65059
Successfully changed project path to: C:/Users/TheBa/OneDrive/Documents/GitHub/TimeoutCorner/TimeoutCorner
C:/Users/TheBa/OneDrive/Documents/GitHub/TimeoutCorner/TimeoutCorner
[UnityMemory] Configuration Parameters - Can be set up in boot.config
    "memorysetup-bucket-allocator-granularity=16"
    "memorysetup-bucket-allocator-bucket-count=8"
    "memorysetup-bucket-allocator-block-size=33554432"
    "memorysetup-bucket-allocator-block-count=8"
    "memorysetup-main-allocator-block-size=16777216"
    "memorysetup-thread-allocator-block-size=16777216"
    "memorysetup-gfx-main-allocator-block-size=16777216"
    "memorysetup-gfx-thread-allocator-block-size=16777216"
    "memorysetup-cache-allocator-block-size=4194304"
    "memorysetup-typetree-allocator-block-size=2097152"
    "memorysetup-profiler-bucket-allocator-granularity=16"
    "memorysetup-profiler-bucket-allocator-bucket-count=8"
    "memorysetup-profiler-bucket-allocator-block-size=33554432"
    "memorysetup-profiler-bucket-allocator-block-count=8"
    "memorysetup-profiler-allocator-block-size=16777216"
    "memorysetup-profiler-editor-allocator-block-size=1048576"
    "memorysetup-temp-allocator-size-main=16777216"
    "memorysetup-job-temp-allocator-block-size=2097152"
    "memorysetup-job-temp-allocator-block-size-background=1048576"
    "memorysetup-job-temp-allocator-reduction-small-platforms=262144"
    "memorysetup-allocator-temp-initial-block-size-main=262144"
    "memorysetup-allocator-temp-initial-block-size-worker=262144"
    "memorysetup-temp-allocator-size-background-worker=32768"
    "memorysetup-temp-allocator-size-job-worker=262144"
    "memorysetup-temp-allocator-size-preload-manager=33554432"
    "memorysetup-temp-allocator-size-nav-mesh-worker=65536"
    "memorysetup-temp-allocator-size-audio-worker=65536"
    "memorysetup-temp-allocator-size-cloud-worker=32768"
    "memorysetup-temp-allocator-size-gi-baking-worker=262144"
    "memorysetup-temp-allocator-size-gfx=262144"
Player connection [23116] Host "[IP] 26.59.107.39 [Port] 0 [Flags] 2 [Guid] 2991875675 [EditorId] 2991875675 [Version] 1048832 [Id] WindowsEditor(7,LAPTOP-M6SDNGCQ) [Debug] 1 [PackageName] WindowsEditor [ProjectName] Editor" joined multi-casting on [225.0.0.222:54997]...

Player connection [23116] Host "[IP] 26.59.107.39 [Port] 0 [Flags] 2 [Guid] 2991875675 [EditorId] 2991875675 [Version] 1048832 [Id] WindowsEditor(7,LAPTOP-M6SDNGCQ) [Debug] 1 [PackageName] WindowsEditor [ProjectName] Editor" joined alternative multi-casting on [225.0.0.222:34997]...

[Physics::Module] Initialized MultithreadedJobDispatcher with 11 workers.
Refreshing native plugins compatible for Editor in 12.81 ms, found 3 plugins.
Preloading 0 native plugins for Editor in 0.00 ms.
Initialize engine version: 2022.3.9f1 (ea401c316338)
[Subsystems] Discovering subsystems at path C:/Program Files/Unity/Hub/Editor/2022.3.9f1/Editor/Data/Resources/UnitySubsystems
[Subsystems] Discovering subsystems at path C:/Users/TheBa/OneDrive/Documents/GitHub/TimeoutCorner/TimeoutCorner/Assets
GfxDevice: creating device client; threaded=0; jobified=0
Direct3D:
    Version:  Direct3D 11.0 [level 11.1]
    Renderer: NVIDIA GeForce GTX 1650 (ID=0x1f91)
    Vendor:   NVIDIA
    VRAM:     3935 MB
    Driver:   32.0.15.6603
Initialize mono
Mono path[0] = 'C:/Program Files/Unity/Hub/Editor/2022.3.9f1/Editor/Data/Managed'
Mono path[1] = 'C:/Program Files/Unity/Hub/Editor/2022.3.9f1/Editor/Data/MonoBleedingEdge/lib/mono/unityjit-win32'
Mono config path = 'C:/Program Files/Unity/Hub/Editor/2022.3.9f1/Editor/Data/MonoBleedingEdge/etc'
Using monoOptions --debugger-agent=transport=dt_socket,embedding=1,server=y,suspend=n,address=127.0.0.1:56772
Begin MonoManager ReloadAssembly
Registering precompiled unity dll's ...
Register platform support module: C:/Program Files/Unity/Hub/Editor/2022.3.9f1/Editor/Data/PlaybackEngines/WindowsStandaloneSupport/UnityEditor.WindowsStandalone.Extensions.dll
Registered in 0.009933 seconds.
- Loaded All Assemblies, in  0.504 seconds
Native extension for WindowsStandalone target not found
Mono: successfully reloaded assembly
- Finished resetting the current domain, in  0.371 seconds
Domain Reload Profiling: 873ms
	BeginReloadAssembly (154ms)
		ExecutionOrderSort (0ms)
		DisableScriptedObjects (0ms)
		BackupInstance (0ms)
		ReleaseScriptingObjects (0ms)
		CreateAndSetChildDomain (1ms)
	RebuildCommonClasses (54ms)
	RebuildNativeTypeToScriptingClass (15ms)
	initialDomainReloadingComplete (79ms)
	LoadAllAssembliesAndSetupDomain (199ms)
		LoadAssemblies (151ms)
		RebuildTransferFunctionScriptingTraits (0ms)
		AnalyzeDomain (196ms)
			TypeCache.Refresh (194ms)
				TypeCache.ScanAssembly (175ms)
			ScanForSourceGeneratedMonoScriptInfo (0ms)
			ResolveRequiredComponents (1ms)
	FinalizeReload (372ms)
		ReleaseScriptCaches (0ms)
		RebuildScriptCaches (0ms)
		SetupLoadedEditorAssemblies (286ms)
			LogAssemblyErrors (0ms)
			InitializePlatformSupportModulesInManaged (13ms)
			SetLoadedEditorAssemblies (12ms)
			RefreshPlugins (0ms)
			BeforeProcessingInitializeOnLoad (3ms)
			ProcessInitializeOnLoadAttributes (187ms)
			ProcessInitializeOnLoadMethodAttributes (71ms)
			AfterProcessingInitializeOnLoad (0ms)
			EditorAssembliesLoaded (0ms)
		ExecutionOrderSort2 (0ms)
		AwakeInstancesAfterBackupRestoration (0ms)
========================================================================
Worker process is ready to serve import requests
Begin MonoManager ReloadAssembly
- Loaded All Assemblies, in  0.856 seconds
Refreshing native plugins compatible for Editor in 5.15 ms, found 3 plugins.
Native extension for WindowsStandalone target not found
Mono: successfully reloaded assembly
- Finished resetting the current domain, in  0.760 seconds
Domain Reload Profiling: 1613ms
	BeginReloadAssembly (201ms)
		ExecutionOrderSort (0ms)
		DisableScriptedObjects (7ms)
		BackupInstance (0ms)
		ReleaseScriptingObjects (0ms)
		CreateAndSetChildDomain (27ms)
	RebuildCommonClasses (46ms)
	RebuildNativeTypeToScriptingClass (15ms)
	initialDomainReloadingComplete (57ms)
	LoadAllAssembliesAndSetupDomain (534ms)
		LoadAssemblies (396ms)
		RebuildTransferFunctionScriptingTraits (0ms)
		AnalyzeDomain (254ms)
			TypeCache.Refresh (221ms)
				TypeCache.ScanAssembly (202ms)
			ScanForSourceGeneratedMonoScriptInfo (21ms)
			ResolveRequiredComponents (8ms)
	FinalizeReload (760ms)
		ReleaseScriptCaches (0ms)
		RebuildScriptCaches (0ms)
		SetupLoadedEditorAssemblies (541ms)
			LogAssemblyErrors (0ms)
			InitializePlatformSupportModulesInManaged (8ms)
			SetLoadedEditorAssemblies (6ms)
			RefreshPlugins (0ms)
			BeforeProcessingInitializeOnLoad (81ms)
			ProcessInitializeOnLoadAttributes (408ms)
			ProcessInitializeOnLoadMethodAttributes (28ms)
			AfterProcessingInitializeOnLoad (10ms)
			EditorAssembliesLoaded (0ms)
		ExecutionOrderSort2 (0ms)
		AwakeInstancesAfterBackupRestoration (13ms)
Launched and connected shader compiler UnityShaderCompiler.exe after 0.07 seconds
Refreshing native plugins compatible for Editor in 6.01 ms, found 3 plugins.
Preloading 0 native plugins for Editor in 0.00 ms.
Unloading 3174 Unused Serialized files (Serialized files now loaded: 0)
Unloading 33 unused Assets / (56.9 KB). Loaded Objects now: 3636.
Memory consumption went from 120.4 MB to 120.4 MB.
Total: 3.769700 ms (FindLiveObjects: 0.279600 ms CreateObjectMapping: 0.252000 ms MarkObjects: 3.132800 ms  DeleteObjects: 0.104400 ms)

AssetImportParameters requested are different than current active one (requested -> active):
  custom:container-demuxer-ogg: 62fdf1f143b41e24485cea50d1cbac27 -> 
  custom:video-decoder-ogg-theora: a1e56fd34408186e4bbccfd4996cb3dc -> 
  custom:framework-win-MediaFoundation: 216162199b28c13a410421893ffa2e32 -> 
  custom:CustomObjectIndexerAttribute: 756ad292c208cfabdd7b50bc23989ffe -> 
  custom:container-demuxer-webm: 4f35f7cbe854078d1ac9338744f61a02 -> 
  custom:container-muxer-webm: aa71ff27fc2769a1b78a27578f13a17b -> 
  custom:video-decoder-webm-vp8: 9c59270c3fd7afecdb556c50c9e8de78 -> 
  custom:SearchIndexIgnoredProperties: e643bd26f0fe6173181afceb89e7c659 -> 
  custom:AudioImporter_EditorPlatform: d09bf68614088b80899f8185d706f6e7 -> 
  custom:video-encoder-webm-vp8: eb34c28f22e8b96e1ab97ce403110664 -> 
  custom:audio-decoder-ogg-vorbis: bf7c407c2cedff20999df2af8eb42d56 -> 
  custom:audio-encoder-webm-vorbis: bf7c407c2cedff20999df2af8eb42d56 -> 
========================================================================
Received Import Request.
  Time since last request: 179541.646155 seconds.
  path: Assets/Textures/Brick/stone_bricks_wall_01_normal_gl_1k.png
  artifactKey: Guid(8db56358f8956ba43a82b220e1a6293c) Importer(815301076,1909f56bfc062723c751e8b465ee728b)
Start importing Assets/Textures/Brick/stone_bricks_wall_01_normal_gl_1k.png using Guid(8db56358f8956ba43a82b220e1a6293c) Importer(815301076,1909f56bfc062723c751e8b465ee728b)  -> (artifact id: 'c6e3e4b9091509b0b416e6805c1a3ae7') in 0.122620 seconds
Number of updated asset objects reloaded before import = 0
Number of asset objects unloaded after import = 2
========================================================================
Received Import Request.
  Time since last request: 4.572824 seconds.
  path: Assets/Textures/Brick/stone_bricks_wall_01_normal_dx_1k.png
  artifactKey: Guid(1f402d170b774d942b5a67e1915828b7) Importer(815301076,1909f56bfc062723c751e8b465ee728b)
Start importing Assets/Textures/Brick/stone_bricks_wall_01_normal_dx_1k.png using Guid(1f402d170b774d942b5a67e1915828b7) Importer(815301076,1909f56bfc062723c751e8b465ee728b)  -> (artifact id: '510f575c2594c5ee446fba21e48874fa') in 0.025254 seconds
Number of updated asset objects reloaded before import = 0
Number of asset objects unloaded after import = 2
========================================================================
Received Import Request.
  Time since last request: 177.595113 seconds.
  path: Assets/Textures/BrickB
  artifactKey: Guid(ffc2e5a8b805c9440a498bd5249fc141) Importer(815301076,1909f56bfc062723c751e8b465ee728b)
Start importing Assets/Textures/BrickB using Guid(ffc2e5a8b805c9440a498bd5249fc141) Importer(815301076,1909f56bfc062723c751e8b465ee728b)  -> (artifact id: '9452744cd36eb53654c93f667c8e70d9') in 0.000897 seconds
Number of updated asset objects reloaded before import = 0
Number of asset objects unloaded after import = 0
========================================================================
Received Import Request.
  Time since last request: 6.681488 seconds.
  path: Assets/Textures/BrickG
  artifactKey: Guid(eae09d9dbe5c66b4fb150ca01c6d9c67) Importer(815301076,1909f56bfc062723c751e8b465ee728b)
Start importing Assets/Textures/BrickG using Guid(eae09d9dbe5c66b4fb150ca01c6d9c67) Importer(815301076,1909f56bfc062723c751e8b465ee728b)  -> (artifact id: '366290102a8911a657868e1b9b89094f') in 0.000796 seconds
Number of updated asset objects reloaded before import = 0
Number of asset objects unloaded after import = 0
========================================================================
Received Import Request.
  Time since last request: 30.853972 seconds.
  path: Assets/Textures/BrickG/bricks_wall_07_ambientOcclusion_1k.png
  artifactKey: Guid(0f2fe82ae65d584409460c7b6bb9c137) Importer(815301076,1909f56bfc062723c751e8b465ee728b)
Start importing Assets/Textures/BrickG/bricks_wall_07_ambientOcclusion_1k.png using Guid(0f2fe82ae65d584409460c7b6bb9c137) Importer(815301076,1909f56bfc062723c751e8b465ee728b)  -> (artifact id: 'e789e667ad0e171c04a940555ad67c0b') in 0.041558 seconds
Number of updated asset objects reloaded before import = 0
Number of asset objects unloaded after import = 2
========================================================================
Received Import Request.
  Time since last request: 0.000029 seconds.
  path: Assets/Textures/BrickG/bricks_wall_07_roughness_1k.png
  artifactKey: Guid(f67eb423d47ce1d4093d762e5b8ffb06) Importer(815301076,1909f56bfc062723c751e8b465ee728b)
Start importing Assets/Textures/BrickG/bricks_wall_07_roughness_1k.png using Guid(f67eb423d47ce1d4093d762e5b8ffb06) Importer(815301076,1909f56bfc062723c751e8b465ee728b)  -> (artifact id: 'b21cd1e64a33d921cab1081c196d07de') in 0.034857 seconds
Number of updated asset objects reloaded before import = 0
Number of asset objects unloaded after import = 2
========================================================================
Received Import Request.
  Time since last request: 0.000033 seconds.
  path: Assets/Textures/BrickG/bricks_wall_07_height_1k.png
  artifactKey: Guid(8a521c13232c1fb4d8552b4dd71544bb) Importer(815301076,1909f56bfc062723c751e8b465ee728b)
Start importing Assets/Textures/BrickG/bricks_wall_07_height_1k.png using Guid(8a521c13232c1fb4d8552b4dd71544bb) Importer(815301076,1909f56bfc062723c751e8b465ee728b)  -> (artifact id: 'ff5f24f4db2a1e90d0a8953c9b223045') in 0.036462 seconds
Number of updated asset objects reloaded before import = 0
Number of asset objects unloaded after import = 2
========================================================================
Received Import Request.
  Time since last request: 0.000017 seconds.
  path: Assets/Textures/BrickG/bricks_wall_07_normal_gl_1k.png
  artifactKey: Guid(82dd466e13dda904c9cc5aafbd0e7b7e) Importer(815301076,1909f56bfc062723c751e8b465ee728b)
Start importing Assets/Textures/BrickG/bricks_wall_07_normal_gl_1k.png using Guid(82dd466e13dda904c9cc5aafbd0e7b7e) Importer(815301076,1909f56bfc062723c751e8b465ee728b)  -> (artifact id: '1dfb4efc0bde8cdeeacb7b1d59daaa65') in 0.026136 seconds
Number of updated asset objects reloaded before import = 0
Number of asset objects unloaded after import = 2
Editor requested this worker to shutdown with reason: Scaling down because of idle timeout
TcpMessagingSession - receive error: operation aborted. errorcode: 995, details: The I/O operation has been aborted because of either a thread exit or an application request.
AssetImportWorker is now disconnected from the server
Process exiting
Exiting without the bug reporter. Application will terminate with return code 0