Using pre-set license
Built from '2022.3/staging' branch; Version is '2022.3.9f1 (ea401c316338) revision 15351836'; Using compiler version '192829333'; Build Type 'Release'
OS: 'Windows 11  (10.0.26100) 64bit Core' Language: 'en' Physical Memory: 16235 MB
BatchMode: 1, IsHumanControllingUs: 0, StartBugReporterOnCrash: 0, Is64bit: 1, IsPro: 1

COMMAND LINE ARGUMENTS:
C:\Program Files\Unity\Hub\Editor\2022.3.9f1\Editor\Unity.exe
-adb2
-batchMode
-noUpm
-name
AssetImportWorker4
-projectPath
C:/Users/TheBa/OneDrive/Documents/GitHub/TimeoutCorner/TimeoutCorner
-logFile
Logs/AssetImportWorker4.log
-srvPort
50581
Successfully changed project path to: C:/Users/TheBa/OneDrive/Documents/GitHub/TimeoutCorner/TimeoutCorner
C:/Users/TheBa/OneDrive/Documents/GitHub/TimeoutCorner/TimeoutCorner
[UnityMemory] Configuration Parameters - Can be set up in boot.config
    "memorysetup-bucket-allocator-granularity=16"
    "memorysetup-bucket-allocator-bucket-count=8"
    "memorysetup-bucket-allocator-block-size=33554432"
    "memorysetup-bucket-allocator-block-count=8"
    "memorysetup-main-allocator-block-size=16777216"
    "memorysetup-thread-allocator-block-size=16777216"
    "memorysetup-gfx-main-allocator-block-size=16777216"
    "memorysetup-gfx-thread-allocator-block-size=16777216"
    "memorysetup-cache-allocator-block-size=4194304"
    "memorysetup-typetree-allocator-block-size=2097152"
    "memorysetup-profiler-bucket-allocator-granularity=16"
    "memorysetup-profiler-bucket-allocator-bucket-count=8"
    "memorysetup-profiler-bucket-allocator-block-size=33554432"
    "memorysetup-profiler-bucket-allocator-block-count=8"
    "memorysetup-profiler-allocator-block-size=16777216"
    "memorysetup-profiler-editor-allocator-block-size=1048576"
    "memorysetup-temp-allocator-size-main=16777216"
    "memorysetup-job-temp-allocator-block-size=2097152"
    "memorysetup-job-temp-allocator-block-size-background=1048576"
    "memorysetup-job-temp-allocator-reduction-small-platforms=262144"
    "memorysetup-allocator-temp-initial-block-size-main=262144"
    "memorysetup-allocator-temp-initial-block-size-worker=262144"
    "memorysetup-temp-allocator-size-background-worker=32768"
    "memorysetup-temp-allocator-size-job-worker=262144"
    "memorysetup-temp-allocator-size-preload-manager=33554432"
    "memorysetup-temp-allocator-size-nav-mesh-worker=65536"
    "memorysetup-temp-allocator-size-audio-worker=65536"
    "memorysetup-temp-allocator-size-cloud-worker=32768"
    "memorysetup-temp-allocator-size-gi-baking-worker=262144"
    "memorysetup-temp-allocator-size-gfx=262144"
Player connection [34764] Host "[IP] 26.59.107.39 [Port] 0 [Flags] 2 [Guid] 958903069 [EditorId] 958903069 [Version] 1048832 [Id] WindowsEditor(7,LAPTOP-M6SDNGCQ) [Debug] 1 [PackageName] WindowsEditor [ProjectName] Editor" joined multi-casting on [225.0.0.222:54997]...

Player connection [34764] Host "[IP] 26.59.107.39 [Port] 0 [Flags] 2 [Guid] 958903069 [EditorId] 958903069 [Version] 1048832 [Id] WindowsEditor(7,LAPTOP-M6SDNGCQ) [Debug] 1 [PackageName] WindowsEditor [ProjectName] Editor" joined alternative multi-casting on [225.0.0.222:34997]...

[Physics::Module] Initialized MultithreadedJobDispatcher with 11 workers.
Refreshing native plugins compatible for Editor in 10.79 ms, found 3 plugins.
Preloading 0 native plugins for Editor in 0.00 ms.
Initialize engine version: 2022.3.9f1 (ea401c316338)
[Subsystems] Discovering subsystems at path C:/Program Files/Unity/Hub/Editor/2022.3.9f1/Editor/Data/Resources/UnitySubsystems
[Subsystems] Discovering subsystems at path C:/Users/TheBa/OneDrive/Documents/GitHub/TimeoutCorner/TimeoutCorner/Assets
GfxDevice: creating device client; threaded=0; jobified=0
Direct3D:
    Version:  Direct3D 11.0 [level 11.1]
    Renderer: NVIDIA GeForce GTX 1650 (ID=0x1f91)
    Vendor:   NVIDIA
    VRAM:     3935 MB
    Driver:   32.0.15.6603
Initialize mono
Mono path[0] = 'C:/Program Files/Unity/Hub/Editor/2022.3.9f1/Editor/Data/Managed'
Mono path[1] = 'C:/Program Files/Unity/Hub/Editor/2022.3.9f1/Editor/Data/MonoBleedingEdge/lib/mono/unityjit-win32'
Mono config path = 'C:/Program Files/Unity/Hub/Editor/2022.3.9f1/Editor/Data/MonoBleedingEdge/etc'
Using monoOptions --debugger-agent=transport=dt_socket,embedding=1,server=y,suspend=n,address=127.0.0.1:56696
Begin MonoManager ReloadAssembly
Registering precompiled unity dll's ...
Register platform support module: C:/Program Files/Unity/Hub/Editor/2022.3.9f1/Editor/Data/PlaybackEngines/WindowsStandaloneSupport/UnityEditor.WindowsStandalone.Extensions.dll
Registered in 0.008756 seconds.
- Loaded All Assemblies, in  0.461 seconds
Native extension for WindowsStandalone target not found
Mono: successfully reloaded assembly
- Finished resetting the current domain, in  0.379 seconds
Domain Reload Profiling: 839ms
	BeginReloadAssembly (145ms)
		ExecutionOrderSort (0ms)
		DisableScriptedObjects (0ms)
		BackupInstance (0ms)
		ReleaseScriptingObjects (0ms)
		CreateAndSetChildDomain (1ms)
	RebuildCommonClasses (44ms)
	RebuildNativeTypeToScriptingClass (14ms)
	initialDomainReloadingComplete (73ms)
	LoadAllAssembliesAndSetupDomain (183ms)
		LoadAssemblies (142ms)
		RebuildTransferFunctionScriptingTraits (0ms)
		AnalyzeDomain (180ms)
			TypeCache.Refresh (178ms)
				TypeCache.ScanAssembly (161ms)
			ScanForSourceGeneratedMonoScriptInfo (0ms)
			ResolveRequiredComponents (1ms)
	FinalizeReload (380ms)
		ReleaseScriptCaches (0ms)
		RebuildScriptCaches (0ms)
		SetupLoadedEditorAssemblies (296ms)
			LogAssemblyErrors (0ms)
			InitializePlatformSupportModulesInManaged (13ms)
			SetLoadedEditorAssemblies (10ms)
			RefreshPlugins (0ms)
			BeforeProcessingInitializeOnLoad (3ms)
			ProcessInitializeOnLoadAttributes (185ms)
			ProcessInitializeOnLoadMethodAttributes (85ms)
			AfterProcessingInitializeOnLoad (0ms)
			EditorAssembliesLoaded (0ms)
		ExecutionOrderSort2 (0ms)
		AwakeInstancesAfterBackupRestoration (0ms)
========================================================================
Worker process is ready to serve import requests
Begin MonoManager ReloadAssembly
- Loaded All Assemblies, in  0.902 seconds
Refreshing native plugins compatible for Editor in 4.13 ms, found 3 plugins.
Native extension for WindowsStandalone target not found
Mono: successfully reloaded assembly
- Finished resetting the current domain, in  0.738 seconds
Domain Reload Profiling: 1636ms
	BeginReloadAssembly (234ms)
		ExecutionOrderSort (0ms)
		DisableScriptedObjects (8ms)
		BackupInstance (0ms)
		ReleaseScriptingObjects (0ms)
		CreateAndSetChildDomain (35ms)
	RebuildCommonClasses (61ms)
	RebuildNativeTypeToScriptingClass (15ms)
	initialDomainReloadingComplete (52ms)
	LoadAllAssembliesAndSetupDomain (535ms)
		LoadAssemblies (421ms)
		RebuildTransferFunctionScriptingTraits (0ms)
		AnalyzeDomain (244ms)
			TypeCache.Refresh (210ms)
				TypeCache.ScanAssembly (190ms)
			ScanForSourceGeneratedMonoScriptInfo (24ms)
			ResolveRequiredComponents (8ms)
	FinalizeReload (738ms)
		ReleaseScriptCaches (0ms)
		RebuildScriptCaches (0ms)
		SetupLoadedEditorAssemblies (520ms)
			LogAssemblyErrors (0ms)
			InitializePlatformSupportModulesInManaged (7ms)
			SetLoadedEditorAssemblies (7ms)
			RefreshPlugins (0ms)
			BeforeProcessingInitializeOnLoad (80ms)
			ProcessInitializeOnLoadAttributes (392ms)
			ProcessInitializeOnLoadMethodAttributes (26ms)
			AfterProcessingInitializeOnLoad (8ms)
			EditorAssembliesLoaded (0ms)
		ExecutionOrderSort2 (0ms)
		AwakeInstancesAfterBackupRestoration (12ms)
Launched and connected shader compiler UnityShaderCompiler.exe after 0.08 seconds
Refreshing native plugins compatible for Editor in 4.07 ms, found 3 plugins.
Preloading 0 native plugins for Editor in 0.00 ms.
Unloading 3190 Unused Serialized files (Serialized files now loaded: 0)
Unloading 32 unused Assets / (29.6 KB). Loaded Objects now: 3661.
Memory consumption went from 194.2 MB to 194.1 MB.
Total: 3.782200 ms (FindLiveObjects: 0.551200 ms CreateObjectMapping: 0.302400 ms MarkObjects: 2.867100 ms  DeleteObjects: 0.059400 ms)

AssetImportParameters requested are different than current active one (requested -> active):
  custom:container-demuxer-ogg: 62fdf1f143b41e24485cea50d1cbac27 -> 
  custom:video-decoder-ogg-theora: a1e56fd34408186e4bbccfd4996cb3dc -> 
  custom:framework-win-MediaFoundation: 216162199b28c13a410421893ffa2e32 -> 
  custom:CustomObjectIndexerAttribute: 756ad292c208cfabdd7b50bc23989ffe -> 
  custom:container-demuxer-webm: 4f35f7cbe854078d1ac9338744f61a02 -> 
  custom:container-muxer-webm: aa71ff27fc2769a1b78a27578f13a17b -> 
  custom:video-decoder-webm-vp8: 9c59270c3fd7afecdb556c50c9e8de78 -> 
  custom:SearchIndexIgnoredProperties: e643bd26f0fe6173181afceb89e7c659 -> 
  custom:AudioImporter_EditorPlatform: d09bf68614088b80899f8185d706f6e7 -> 
  custom:video-encoder-webm-vp8: eb34c28f22e8b96e1ab97ce403110664 -> 
  custom:audio-decoder-ogg-vorbis: bf7c407c2cedff20999df2af8eb42d56 -> 
  custom:audio-encoder-webm-vorbis: bf7c407c2cedff20999df2af8eb42d56 -> 
========================================================================
Received Import Request.
  Time since last request: 88454.075764 seconds.
  path: Assets/Textures/Platform/Platform.mat
  artifactKey: Guid(61d81f287f4da584ea3feb7d8ee73592) Importer(815301076,1909f56bfc062723c751e8b465ee728b)
Start importing Assets/Textures/Platform/Platform.mat using Guid(61d81f287f4da584ea3feb7d8ee73592) Importer(815301076,1909f56bfc062723c751e8b465ee728b)  -> (artifact id: 'd319a1f3171d9ddeb7fb0169217e82cd') in 0.142026 seconds
Number of updated asset objects reloaded before import = 0
Number of asset objects unloaded after import = 1
========================================================================
Received Import Request.
  Time since last request: 30.732531 seconds.
  path: Assets/Textures/Platform/wood_06_normal_gl_1k.jpg
  artifactKey: Guid(527f3b752993d8143b9c1dd41c61008a) Importer(815301076,1909f56bfc062723c751e8b465ee728b)
Start importing Assets/Textures/Platform/wood_06_normal_gl_1k.jpg using Guid(527f3b752993d8143b9c1dd41c61008a) Importer(815301076,1909f56bfc062723c751e8b465ee728b)  -> (artifact id: 'd5901eb41a77a8da841c6f385638bf98') in 0.036065 seconds
Number of updated asset objects reloaded before import = 0
Number of asset objects unloaded after import = 2
========================================================================
Received Import Request.
  Time since last request: 2.944127 seconds.
  path: Assets/Textures/Platform/wood_06_normal_dx_1k.jpg
  artifactKey: Guid(e0e7689abfef39d40893a4c6b3d79835) Importer(815301076,1909f56bfc062723c751e8b465ee728b)
Start importing Assets/Textures/Platform/wood_06_normal_dx_1k.jpg using Guid(e0e7689abfef39d40893a4c6b3d79835) Importer(815301076,1909f56bfc062723c751e8b465ee728b)  -> (artifact id: 'd14d5d444ae93c8aabc3446adc2e5755') in 0.021531 seconds
Number of updated asset objects reloaded before import = 0
Number of asset objects unloaded after import = 2
========================================================================
Received Import Request.
  Time since last request: 104.799199 seconds.
  path: Assets/Textures/Wood
  artifactKey: Guid(0028df65646b0ab4b9d517f5a8e76b3a) Importer(815301076,1909f56bfc062723c751e8b465ee728b)
Start importing Assets/Textures/Wood using Guid(0028df65646b0ab4b9d517f5a8e76b3a) Importer(815301076,1909f56bfc062723c751e8b465ee728b)  -> (artifact id: '1eec22f6a218b1bbb7d74c9f6be21ed1') in 0.000794 seconds
Number of updated asset objects reloaded before import = 0
Number of asset objects unloaded after import = 0
========================================================================
Received Import Request.
  Time since last request: 0.103723 seconds.
  path: Assets/Textures/Wood/Ceiling.mat
  artifactKey: Guid(4ef8cd23fa6ed5b4485d8670ad685b3c) Importer(815301076,1909f56bfc062723c751e8b465ee728b)
Start importing Assets/Textures/Wood/Ceiling.mat using Guid(4ef8cd23fa6ed5b4485d8670ad685b3c) Importer(815301076,1909f56bfc062723c751e8b465ee728b)  -> (artifact id: '0219838a89a2af6fcc8505ce98592be5') in 0.150034 seconds
Number of updated asset objects reloaded before import = 0
Number of asset objects unloaded after import = 7
========================================================================
Received Import Request.
  Time since last request: 0.000024 seconds.
  path: Assets/Textures/Wood/wood_01_normal_dx_1k.png
  artifactKey: Guid(e94fde108c3104d4f8e756c19ad4c6d5) Importer(815301076,1909f56bfc062723c751e8b465ee728b)
Start importing Assets/Textures/Wood/wood_01_normal_dx_1k.png using Guid(e94fde108c3104d4f8e756c19ad4c6d5) Importer(815301076,1909f56bfc062723c751e8b465ee728b)  -> (artifact id: 'f70eb9a6702bd4c961333d7569ba7656') in 0.022715 seconds
Number of updated asset objects reloaded before import = 0
Number of asset objects unloaded after import = 2
========================================================================
Received Import Request.
  Time since last request: 0.000082 seconds.
  path: Assets/Textures/Wood/WoodV.mat
  artifactKey: Guid(9df442c156ba87d49bf468a1a3650aca) Importer(815301076,1909f56bfc062723c751e8b465ee728b)
Start importing Assets/Textures/Wood/WoodV.mat using Guid(9df442c156ba87d49bf468a1a3650aca) Importer(815301076,1909f56bfc062723c751e8b465ee728b)  -> (artifact id: 'f65fb2fb1f98833e7712ef00bca02d88') in 0.031031 seconds
Number of updated asset objects reloaded before import = 0
Number of asset objects unloaded after import = 7
========================================================================
Received Import Request.
  Time since last request: 0.000017 seconds.
  path: Assets/Textures/Wood/wood_01_color_1k.png
  artifactKey: Guid(c93e1c34a8e6f1043ad54ec40a101b38) Importer(815301076,1909f56bfc062723c751e8b465ee728b)
Start importing Assets/Textures/Wood/wood_01_color_1k.png using Guid(c93e1c34a8e6f1043ad54ec40a101b38) Importer(815301076,1909f56bfc062723c751e8b465ee728b)  -> (artifact id: 'df571de0cb8710f8cef19d262335f931') in 0.022240 seconds
Number of updated asset objects reloaded before import = 0
Number of asset objects unloaded after import = 2
========================================================================
Received Import Request.
  Time since last request: 0.000016 seconds.
  path: Assets/Textures/Wood/wood_01_ambient_occlusion_1k.png
  artifactKey: Guid(d46e9c3c85962504dad0c1218bc07929) Importer(815301076,1909f56bfc062723c751e8b465ee728b)
Start importing Assets/Textures/Wood/wood_01_ambient_occlusion_1k.png using Guid(d46e9c3c85962504dad0c1218bc07929) Importer(815301076,1909f56bfc062723c751e8b465ee728b)  -> (artifact id: '81c5d44c8bf6ae4f2855f5b37f714d8a') in 0.024120 seconds
Number of updated asset objects reloaded before import = 0
Number of asset objects unloaded after import = 2
========================================================================
Received Import Request.
  Time since last request: 0.000018 seconds.
  path: Assets/Textures/Wood/wood_01_normal_gl_1k.png
  artifactKey: Guid(2eff72c1d953d58459789e155a91b0a5) Importer(815301076,1909f56bfc062723c751e8b465ee728b)
Start importing Assets/Textures/Wood/wood_01_normal_gl_1k.png using Guid(2eff72c1d953d58459789e155a91b0a5) Importer(815301076,1909f56bfc062723c751e8b465ee728b)  -> (artifact id: 'f906557c6c23e633e202cb515d645eee') in 0.023147 seconds
Number of updated asset objects reloaded before import = 0
Number of asset objects unloaded after import = 2
========================================================================
Received Import Request.
  Time since last request: 0.000017 seconds.
  path: Assets/Textures/Wood/wood_01_height_1k.png
  artifactKey: Guid(2a4dc31e44a615f4a893c28dc1e1a995) Importer(815301076,1909f56bfc062723c751e8b465ee728b)
Start importing Assets/Textures/Wood/wood_01_height_1k.png using Guid(2a4dc31e44a615f4a893c28dc1e1a995) Importer(815301076,1909f56bfc062723c751e8b465ee728b)  -> (artifact id: 'de6b3d4473338f823eed3352b1894e23') in 0.028458 seconds
Number of updated asset objects reloaded before import = 0
Number of asset objects unloaded after import = 2
========================================================================
Received Import Request.
  Time since last request: 8.139155 seconds.
  path: Assets/Textures/Planks
  artifactKey: Guid(47a4ded7d762b3541b5093799eaf393b) Importer(815301076,1909f56bfc062723c751e8b465ee728b)
Start importing Assets/Textures/Planks using Guid(47a4ded7d762b3541b5093799eaf393b) Importer(815301076,1909f56bfc062723c751e8b465ee728b)  -> (artifact id: '068ec03df1ecb87799574c2a610ec019') in 0.000666 seconds
Number of updated asset objects reloaded before import = 0
Number of asset objects unloaded after import = 0
========================================================================
Received Import Request.
  Time since last request: 33.688539 seconds.
  path: Assets/Textures/Roof
  artifactKey: Guid(2717bf673d0e83e498aad08047993f49) Importer(815301076,1909f56bfc062723c751e8b465ee728b)
Start importing Assets/Textures/Roof using Guid(2717bf673d0e83e498aad08047993f49) Importer(815301076,1909f56bfc062723c751e8b465ee728b)  -> (artifact id: '772536b96453bc52ff142b88440cc6a6') in 0.001365 seconds
Number of updated asset objects reloaded before import = 0
Number of asset objects unloaded after import = 0
========================================================================
Received Import Request.
  Time since last request: 2.170008 seconds.
  path: Assets/Textures/Temple Tiles
  artifactKey: Guid(b5e904e2fc3f2dc478f020764ecddefb) Importer(815301076,1909f56bfc062723c751e8b465ee728b)
Start importing Assets/Textures/Temple Tiles using Guid(b5e904e2fc3f2dc478f020764ecddefb) Importer(815301076,1909f56bfc062723c751e8b465ee728b)  -> (artifact id: '836f2756cdeb46ea200cea657e6206b2') in 0.000655 seconds
Number of updated asset objects reloaded before import = 0
Number of asset objects unloaded after import = 0
========================================================================
Received Import Request.
  Time since last request: 0.430357 seconds.
  path: Assets/Textures/Temple wall
  artifactKey: Guid(40e0c7e05468997459386fdde66a3b9a) Importer(815301076,1909f56bfc062723c751e8b465ee728b)
Start importing Assets/Textures/Temple wall using Guid(40e0c7e05468997459386fdde66a3b9a) Importer(815301076,1909f56bfc062723c751e8b465ee728b)  -> (artifact id: '182ca56f2e3cf3703cd161560a4f7103') in 0.000733 seconds
Number of updated asset objects reloaded before import = 0
Number of asset objects unloaded after import = 0
========================================================================
Received Import Request.
  Time since last request: 1.222152 seconds.
  path: Assets/Textures/Gold
  artifactKey: Guid(47043004b62ebab499f6f23c888462b4) Importer(815301076,1909f56bfc062723c751e8b465ee728b)
Start importing Assets/Textures/Gold using Guid(47043004b62ebab499f6f23c888462b4) Importer(815301076,1909f56bfc062723c751e8b465ee728b)  -> (artifact id: '56675eaba91becdd50b44422656bf4ed') in 0.000592 seconds
Number of updated asset objects reloaded before import = 0
Number of asset objects unloaded after import = 0
========================================================================
Received Import Request.
  Time since last request: 41.409778 seconds.
  path: Assets/Textures/RockC
  artifactKey: Guid(830aefd858faeb046a75b59910c1ee48) Importer(815301076,1909f56bfc062723c751e8b465ee728b)
Start importing Assets/Textures/RockC using Guid(830aefd858faeb046a75b59910c1ee48) Importer(815301076,1909f56bfc062723c751e8b465ee728b)  -> (artifact id: '62c465c04f54466191e270da5f30c4b1') in 0.001003 seconds
Number of updated asset objects reloaded before import = 0
Number of asset objects unloaded after import = 0
========================================================================
Received Import Request.
  Time since last request: 81.806187 seconds.
  path: Assets/Textures/Planks/wood_planks_12_ambient_occlusion_1k.png
  artifactKey: Guid(351043a1b5501764592d4f59a6e2a59d) Importer(815301076,1909f56bfc062723c751e8b465ee728b)
Start importing Assets/Textures/Planks/wood_planks_12_ambient_occlusion_1k.png using Guid(351043a1b5501764592d4f59a6e2a59d) Importer(815301076,1909f56bfc062723c751e8b465ee728b)  -> (artifact id: '95a892eb6c99a6102cf58f53b9249ec1') in 0.030489 seconds
Number of updated asset objects reloaded before import = 0
Number of asset objects unloaded after import = 2
========================================================================
Received Import Request.
  Time since last request: 0.000022 seconds.
  path: Assets/Textures/Planks/wood_planks_12_height_1k.png
  artifactKey: Guid(bf3c4360fbbd156449f13cc0de630c1f) Importer(815301076,1909f56bfc062723c751e8b465ee728b)
Start importing Assets/Textures/Planks/wood_planks_12_height_1k.png using Guid(bf3c4360fbbd156449f13cc0de630c1f) Importer(815301076,1909f56bfc062723c751e8b465ee728b)  -> (artifact id: '0f2a34f0f6b36b990f567701ec14fbdd') in 0.023499 seconds
Number of updated asset objects reloaded before import = 0
Number of asset objects unloaded after import = 2
========================================================================
Received Import Request.
  Time since last request: 0.000023 seconds.
  path: Assets/Textures/Planks/wood_planks_12_normal_dx_1k.png
  artifactKey: Guid(5f5205f9c5d046c40907592d1928b521) Importer(815301076,1909f56bfc062723c751e8b465ee728b)
Start importing Assets/Textures/Planks/wood_planks_12_normal_dx_1k.png using Guid(5f5205f9c5d046c40907592d1928b521) Importer(815301076,1909f56bfc062723c751e8b465ee728b)  -> (artifact id: 'b91b6d754451776527878eed1068fa80') in 0.025933 seconds
Number of updated asset objects reloaded before import = 0
Number of asset objects unloaded after import = 2
========================================================================
Received Import Request.
  Time since last request: 0.000099 seconds.
  path: Assets/Textures/Planks/wood_planks_12_roughness_1k.png
  artifactKey: Guid(7ee5a7db41d00eb42818521f935774f9) Importer(815301076,1909f56bfc062723c751e8b465ee728b)
Start importing Assets/Textures/Planks/wood_planks_12_roughness_1k.png using Guid(7ee5a7db41d00eb42818521f935774f9) Importer(815301076,1909f56bfc062723c751e8b465ee728b)  -> (artifact id: 'd66c87e6e66afe15939df2478c199b22') in 0.023977 seconds
Number of updated asset objects reloaded before import = 0
Number of asset objects unloaded after import = 2
========================================================================
Received Import Request.
  Time since last request: 0.000035 seconds.
  path: Assets/Textures/Planks/wood_planks_12_normal_gl_1k.png
  artifactKey: Guid(3e4a195bc73757643aae0e37e3f62030) Importer(815301076,1909f56bfc062723c751e8b465ee728b)
Start importing Assets/Textures/Planks/wood_planks_12_normal_gl_1k.png using Guid(3e4a195bc73757643aae0e37e3f62030) Importer(815301076,1909f56bfc062723c751e8b465ee728b)  -> (artifact id: '65c0fbeed3a482af91d70408a999f986') in 0.023744 seconds
Number of updated asset objects reloaded before import = 0
Number of asset objects unloaded after import = 2
========================================================================
Received Import Request.
  Time since last request: 17.879954 seconds.
  path: Assets/Textures/Planks/Planks.mat
  artifactKey: Guid(9a03e531c6d5c034398f2bde584e80f2) Importer(815301076,1909f56bfc062723c751e8b465ee728b)
Start importing Assets/Textures/Planks/Planks.mat using Guid(9a03e531c6d5c034398f2bde584e80f2) Importer(815301076,1909f56bfc062723c751e8b465ee728b)  -> (artifact id: 'faa651df53bb245ba8b79405354bcd46') in 0.015180 seconds
Number of updated asset objects reloaded before import = 0
Number of asset objects unloaded after import = 1
========================================================================
Received Import Request.
  Time since last request: 23.210023 seconds.
  path: Assets/Textures/Planks/wood_planks_12_normal_gl_1k.png
  artifactKey: Guid(3e4a195bc73757643aae0e37e3f62030) Importer(815301076,1909f56bfc062723c751e8b465ee728b)
Start importing Assets/Textures/Planks/wood_planks_12_normal_gl_1k.png using Guid(3e4a195bc73757643aae0e37e3f62030) Importer(815301076,1909f56bfc062723c751e8b465ee728b)  -> (artifact id: '9fdc857eeec71212ceaeff55e9a29240') in 0.022426 seconds
Number of updated asset objects reloaded before import = 0
Number of asset objects unloaded after import = 2
========================================================================
Received Import Request.
  Time since last request: 2.533222 seconds.
  path: Assets/Textures/Planks/wood_planks_12_normal_dx_1k.png
  artifactKey: Guid(5f5205f9c5d046c40907592d1928b521) Importer(815301076,1909f56bfc062723c751e8b465ee728b)
Start importing Assets/Textures/Planks/wood_planks_12_normal_dx_1k.png using Guid(5f5205f9c5d046c40907592d1928b521) Importer(815301076,1909f56bfc062723c751e8b465ee728b)  -> (artifact id: '0ea22c571add8c6fc8e1d8aa7db1d3bc') in 0.022375 seconds
Number of updated asset objects reloaded before import = 0
Number of asset objects unloaded after import = 2
========================================================================
Received Import Request.
  Time since last request: 72.729793 seconds.
  path: Assets/Textures/Platform/Platform.mat
  artifactKey: Guid(61d81f287f4da584ea3feb7d8ee73592) Importer(815301076,1909f56bfc062723c751e8b465ee728b)
Start importing Assets/Textures/Platform/Platform.mat using Guid(61d81f287f4da584ea3feb7d8ee73592) Importer(815301076,1909f56bfc062723c751e8b465ee728b)  -> (artifact id: 'd4a3c4a3014adeeaa17f9f1a8679a6e9') in 0.025940 seconds
Number of updated asset objects reloaded before import = 0
Number of asset objects unloaded after import = 8
========================================================================
Received Import Request.
  Time since last request: 4.478631 seconds.
  path: Assets/Textures/Platform/Pside.mat
  artifactKey: Guid(d97d60d2953893744bc2968e78ad9bee) Importer(815301076,1909f56bfc062723c751e8b465ee728b)
Start importing Assets/Textures/Platform/Pside.mat using Guid(d97d60d2953893744bc2968e78ad9bee) Importer(815301076,1909f56bfc062723c751e8b465ee728b)  -> (artifact id: '66dcd1039a46f1659a84cd80f746d455') in 0.022951 seconds
Number of updated asset objects reloaded before import = 0
Number of asset objects unloaded after import = 8
========================================================================
Received Import Request.
  Time since last request: 119.135296 seconds.
  path: Assets/Textures/Planks/Planks.mat
  artifactKey: Guid(9a03e531c6d5c034398f2bde584e80f2) Importer(815301076,1909f56bfc062723c751e8b465ee728b)
Start importing Assets/Textures/Planks/Planks.mat using Guid(9a03e531c6d5c034398f2bde584e80f2) Importer(815301076,1909f56bfc062723c751e8b465ee728b)  -> (artifact id: '6644214e3fdd3968fba96823649ea6e5') in 0.035022 seconds
Number of updated asset objects reloaded before import = 0
Number of asset objects unloaded after import = 7
========================================================================
Received Import Request.
  Time since last request: 32.090471 seconds.
  path: Assets/Textures/Planks/Planks 1.mat
  artifactKey: Guid(f16fb078c482391428771ae47df51af3) Importer(815301076,1909f56bfc062723c751e8b465ee728b)
Start importing Assets/Textures/Planks/Planks 1.mat using Guid(f16fb078c482391428771ae47df51af3) Importer(815301076,1909f56bfc062723c751e8b465ee728b)  -> (artifact id: '5df338ea456614e24283476cd8aa1715') in 0.022912 seconds
Number of updated asset objects reloaded before import = 0
Number of asset objects unloaded after import = 7
========================================================================
Received Import Request.
  Time since last request: 4.342770 seconds.
  path: Assets/Textures/Planks/Side.mat
  artifactKey: Guid(f16fb078c482391428771ae47df51af3) Importer(815301076,1909f56bfc062723c751e8b465ee728b)
Start importing Assets/Textures/Planks/Side.mat using Guid(f16fb078c482391428771ae47df51af3) Importer(815301076,1909f56bfc062723c751e8b465ee728b)  -> (artifact id: '9cc9d2b25da541f3532ad0a05cf3eeb2') in 0.020213 seconds
Number of updated asset objects reloaded before import = 0
Number of asset objects unloaded after import = 7
========================================================================
Received Import Request.
  Time since last request: 27.195572 seconds.
  path: Assets/Textures/Stone
  artifactKey: Guid(398326854fd83f247aaeb3217312ac67) Importer(815301076,1909f56bfc062723c751e8b465ee728b)
Start importing Assets/Textures/Stone using Guid(398326854fd83f247aaeb3217312ac67) Importer(815301076,1909f56bfc062723c751e8b465ee728b)  -> (artifact id: 'e57411cc27f8760504db4e7c6d97c6ac') in 0.001127 seconds
Number of updated asset objects reloaded before import = 0
Number of asset objects unloaded after import = 0
========================================================================
Received Import Request.
  Time since last request: 2.018560 seconds.
  path: Assets/Textures/Roof/Roof.mat
  artifactKey: Guid(9c9a08c42a1b77e47b8a120fa9195026) Importer(815301076,1909f56bfc062723c751e8b465ee728b)
Start importing Assets/Textures/Roof/Roof.mat using Guid(9c9a08c42a1b77e47b8a120fa9195026) Importer(815301076,1909f56bfc062723c751e8b465ee728b)  -> (artifact id: '0cb5ed9beb515d4e08ac5fa85a8c2661') in 0.095911 seconds
Number of updated asset objects reloaded before import = 0
Number of asset objects unloaded after import = 6
========================================================================
Received Import Request.
  Time since last request: 0.000022 seconds.
  path: Assets/Textures/Roof/roof_tiles_02_color_1k.png
  artifactKey: Guid(b265579f4e8f35e48add64ec56d0b3fc) Importer(815301076,1909f56bfc062723c751e8b465ee728b)
Start importing Assets/Textures/Roof/roof_tiles_02_color_1k.png using Guid(b265579f4e8f35e48add64ec56d0b3fc) Importer(815301076,1909f56bfc062723c751e8b465ee728b)  -> (artifact id: 'b501edd5f730478dedd5e841abe9997c') in 0.029345 seconds
Number of updated asset objects reloaded before import = 0
Number of asset objects unloaded after import = 2
========================================================================
Received Import Request.
  Time since last request: 0.000021 seconds.
  path: Assets/Textures/Roof/roof_tiles_02_roughness_1k.png
  artifactKey: Guid(ed8ab036103d4034e9d0ea880ed71c90) Importer(815301076,1909f56bfc062723c751e8b465ee728b)
Start importing Assets/Textures/Roof/roof_tiles_02_roughness_1k.png using Guid(ed8ab036103d4034e9d0ea880ed71c90) Importer(815301076,1909f56bfc062723c751e8b465ee728b)  -> (artifact id: 'a785b94bcccc2a33dc6a1d6eb5bf140b') in 0.021937 seconds
Number of updated asset objects reloaded before import = 0
Number of asset objects unloaded after import = 2
========================================================================
Received Import Request.
  Time since last request: 8.831317 seconds.
  path: Assets/Textures/FloorB
  artifactKey: Guid(8060344a7fdfcc3428c05f3ddee9a6a3) Importer(815301076,1909f56bfc062723c751e8b465ee728b)
Start importing Assets/Textures/FloorB using Guid(8060344a7fdfcc3428c05f3ddee9a6a3) Importer(815301076,1909f56bfc062723c751e8b465ee728b)  -> (artifact id: '9abeeb5122cc59e5b9f78e1885d3b052') in 0.001694 seconds
Number of updated asset objects reloaded before import = 0
Number of asset objects unloaded after import = 0
========================================================================
Received Import Request.
  Time since last request: 0.101184 seconds.
  path: Assets/Textures/FloorB/BrickW.mat
  artifactKey: Guid(d0f2d1d2dd9776d4ea94c00572ba5a35) Importer(815301076,1909f56bfc062723c751e8b465ee728b)
Start importing Assets/Textures/FloorB/BrickW.mat using Guid(d0f2d1d2dd9776d4ea94c00572ba5a35) Importer(815301076,1909f56bfc062723c751e8b465ee728b)  -> (artifact id: '90e4dddc7007d663164857a6534f4dad') in 0.067871 seconds
Number of updated asset objects reloaded before import = 0
Number of asset objects unloaded after import = 7
========================================================================
Received Import Request.
  Time since last request: 0.000025 seconds.
  path: Assets/Textures/FloorB/white_bricks_wall_01_height_1k.png
  artifactKey: Guid(12c80661ccb1e2848b06985c36099a31) Importer(815301076,1909f56bfc062723c751e8b465ee728b)
Start importing Assets/Textures/FloorB/white_bricks_wall_01_height_1k.png using Guid(12c80661ccb1e2848b06985c36099a31) Importer(815301076,1909f56bfc062723c751e8b465ee728b)  -> (artifact id: 'dfe2d49b56886073fb1552cf25162e4d') in 0.026111 seconds
Number of updated asset objects reloaded before import = 0
Number of asset objects unloaded after import = 2
========================================================================
Received Import Request.
  Time since last request: 0.000048 seconds.
  path: Assets/Textures/FloorB/white_bricks_wall_01_normal_dx_1k.png
  artifactKey: Guid(9fe6d8d9279dce34cb63aba664e719ed) Importer(815301076,1909f56bfc062723c751e8b465ee728b)
Start importing Assets/Textures/FloorB/white_bricks_wall_01_normal_dx_1k.png using Guid(9fe6d8d9279dce34cb63aba664e719ed) Importer(815301076,1909f56bfc062723c751e8b465ee728b)  -> (artifact id: '5a15effd7b399213fe8aab4a4c7b620f') in 0.022988 seconds
Number of updated asset objects reloaded before import = 0
Number of asset objects unloaded after import = 2
========================================================================
Received Import Request.
  Time since last request: 2.463449 seconds.
  path: Assets/Models
  artifactKey: Guid(dc397f27661c69843b947f5af05594ac) Importer(815301076,1909f56bfc062723c751e8b465ee728b)
Start importing Assets/Models using Guid(dc397f27661c69843b947f5af05594ac) Importer(815301076,1909f56bfc062723c751e8b465ee728b)  -> (artifact id: '54e0ee3950acbbb87783d5675b5e600c') in 0.001862 seconds
Number of updated asset objects reloaded before import = 0
Number of asset objects unloaded after import = 0
========================================================================
Received Import Request.
  Time since last request: 10.464668 seconds.
  path: Assets/Textures/Gold/Gear.mat
  artifactKey: Guid(24a47ec0a86574641b765b48a68ef7c9) Importer(815301076,1909f56bfc062723c751e8b465ee728b)
Start importing Assets/Textures/Gold/Gear.mat using Guid(24a47ec0a86574641b765b48a68ef7c9) Importer(815301076,1909f56bfc062723c751e8b465ee728b)  -> (artifact id: '9980eacb1cf007d96d6eb3af5012daa5') in 0.107173 seconds
Number of updated asset objects reloaded before import = 0
Number of asset objects unloaded after import = 8
========================================================================
Received Import Request.
  Time since last request: 6.304018 seconds.
  path: Assets/Textures/MetalC
  artifactKey: Guid(dc4b7ffb232ad474da3a2cc940689edf) Importer(815301076,1909f56bfc062723c751e8b465ee728b)
Start importing Assets/Textures/MetalC using Guid(dc4b7ffb232ad474da3a2cc940689edf) Importer(815301076,1909f56bfc062723c751e8b465ee728b)  -> (artifact id: 'fc40ddc04b3aa8d80e66efca6044e9d0') in 0.001046 seconds
Number of updated asset objects reloaded before import = 0
Number of asset objects unloaded after import = 0
========================================================================
Received Import Request.
  Time since last request: 0.321089 seconds.
  path: Assets/Textures/MetalC/metal_plates_01_ambient_occlusion_1k.png
  artifactKey: Guid(000f57484c8ac0b4a8405f9457aa25c4) Importer(815301076,1909f56bfc062723c751e8b465ee728b)
Start importing Assets/Textures/MetalC/metal_plates_01_ambient_occlusion_1k.png using Guid(000f57484c8ac0b4a8405f9457aa25c4) Importer(815301076,1909f56bfc062723c751e8b465ee728b)  -> (artifact id: 'dcb2d5e9a6092c5d7caa5b1286d0e1a1') in 0.045085 seconds
Number of updated asset objects reloaded before import = 0
Number of asset objects unloaded after import = 2
========================================================================
Received Import Request.
  Time since last request: 0.000897 seconds.
  path: Assets/Textures/MetalC/MetalC.mat
  artifactKey: Guid(9897814fdeca1ce4dbc61671a1ecb946) Importer(815301076,1909f56bfc062723c751e8b465ee728b)
Start importing Assets/Textures/MetalC/MetalC.mat using Guid(9897814fdeca1ce4dbc61671a1ecb946) Importer(815301076,1909f56bfc062723c751e8b465ee728b)  -> (artifact id: 'de90681cca95c8b57575384e472d7409') in 0.036300 seconds
Number of updated asset objects reloaded before import = 0
Number of asset objects unloaded after import = 8
========================================================================
Received Import Request.
  Time since last request: 16.268730 seconds.
  path: Assets/Textures/Stone/ground_tiles_01_ambient_occlusion_1k.png
  artifactKey: Guid(1eb55e173710eae4d96d61ba453bf12b) Importer(815301076,1909f56bfc062723c751e8b465ee728b)
Start importing Assets/Textures/Stone/ground_tiles_01_ambient_occlusion_1k.png using Guid(1eb55e173710eae4d96d61ba453bf12b) Importer(815301076,1909f56bfc062723c751e8b465ee728b)  -> (artifact id: 'c4727c0df8db0521ab3f3a306d660e1c') in 0.046738 seconds
Number of updated asset objects reloaded before import = 0
Number of asset objects unloaded after import = 2
========================================================================
Received Import Request.
  Time since last request: 0.000026 seconds.
  path: Assets/Textures/Stone/ground_tiles_01_roughness_1k.png
  artifactKey: Guid(d542e6d6ef860724aa45a5fc1598df30) Importer(815301076,1909f56bfc062723c751e8b465ee728b)
Start importing Assets/Textures/Stone/ground_tiles_01_roughness_1k.png using Guid(d542e6d6ef860724aa45a5fc1598df30) Importer(815301076,1909f56bfc062723c751e8b465ee728b)  -> (artifact id: 'a6982e32af152c57b5a707573d29e85a') in 0.033998 seconds
Number of updated asset objects reloaded before import = 0
Number of asset objects unloaded after import = 2
========================================================================
Received Import Request.
  Time since last request: 2.784445 seconds.
  path: Assets/Textures/Temple Tiles/marble_tiles_01_ambient_occlussion_1k.png
  artifactKey: Guid(fc7b7c20011cafb4992b6d700c24b614) Importer(815301076,1909f56bfc062723c751e8b465ee728b)
Start importing Assets/Textures/Temple Tiles/marble_tiles_01_ambient_occlussion_1k.png using Guid(fc7b7c20011cafb4992b6d700c24b614) Importer(815301076,1909f56bfc062723c751e8b465ee728b)  -> (artifact id: 'a5760a171ee8985ee38cc4a3d14b4aff') in 0.033756 seconds
Number of updated asset objects reloaded before import = 0
Number of asset objects unloaded after import = 2
========================================================================
Received Import Request.
  Time since last request: 0.000107 seconds.
  path: Assets/Textures/Temple Tiles/marble_tiles_01_roughness_1k.png
  artifactKey: Guid(61a20a87d12f6e643bb953ca95ceb8b6) Importer(815301076,1909f56bfc062723c751e8b465ee728b)
Start importing Assets/Textures/Temple Tiles/marble_tiles_01_roughness_1k.png using Guid(61a20a87d12f6e643bb953ca95ceb8b6) Importer(815301076,1909f56bfc062723c751e8b465ee728b)  -> (artifact id: '0fad6afe1233ae3850c132f42c7620cb') in 0.039402 seconds
Number of updated asset objects reloaded before import = 0
Number of asset objects unloaded after import = 2
========================================================================
Received Import Request.
  Time since last request: 3.194936 seconds.
  path: Assets/Textures/Temple wall/ancient_trimsheet_01_ambientOcclusion_1k.png
  artifactKey: Guid(9524b5f7794035c40bdbeb86f2929dbe) Importer(815301076,1909f56bfc062723c751e8b465ee728b)
Start importing Assets/Textures/Temple wall/ancient_trimsheet_01_ambientOcclusion_1k.png using Guid(9524b5f7794035c40bdbeb86f2929dbe) Importer(815301076,1909f56bfc062723c751e8b465ee728b)  -> (artifact id: '812fa95cb0927d9fa485aab5226083db') in 0.045546 seconds
Number of updated asset objects reloaded before import = 0
Number of asset objects unloaded after import = 2
========================================================================
Received Import Request.
  Time since last request: 0.000103 seconds.
  path: Assets/Textures/Temple wall/Wall.mat
  artifactKey: Guid(58b7fe4c83d6eed4c9071e69388df717) Importer(815301076,1909f56bfc062723c751e8b465ee728b)
Start importing Assets/Textures/Temple wall/Wall.mat using Guid(58b7fe4c83d6eed4c9071e69388df717) Importer(815301076,1909f56bfc062723c751e8b465ee728b)  -> (artifact id: 'b69003c5165dac8566805e4ed3f0033b') in 0.039718 seconds
Number of updated asset objects reloaded before import = 0
Number of asset objects unloaded after import = 8
========================================================================
Received Import Request.
  Time since last request: 4.810633 seconds.
  path: Assets/Textures/Floor2
  artifactKey: Guid(5e49b903e6a065940af6366ed64e01c0) Importer(815301076,1909f56bfc062723c751e8b465ee728b)
Start importing Assets/Textures/Floor2 using Guid(5e49b903e6a065940af6366ed64e01c0) Importer(815301076,1909f56bfc062723c751e8b465ee728b)  -> (artifact id: 'f87cb3299db5e18aebb593403768268e') in 0.000995 seconds
Number of updated asset objects reloaded before import = 0
Number of asset objects unloaded after import = 0
========================================================================
Received Import Request.
  Time since last request: 0.103283 seconds.
  path: Assets/Textures/Floor2/FloorB.mat
  artifactKey: Guid(aa5937d3f7280434e9c6d826f7c39452) Importer(815301076,1909f56bfc062723c751e8b465ee728b)
Start importing Assets/Textures/Floor2/FloorB.mat using Guid(aa5937d3f7280434e9c6d826f7c39452) Importer(815301076,1909f56bfc062723c751e8b465ee728b)  -> (artifact id: 'cec83b3f4a59b6bb116e2a586905abfe') in 0.064766 seconds
Number of updated asset objects reloaded before import = 0
Number of asset objects unloaded after import = 7
========================================================================
Received Import Request.
  Time since last request: 0.000019 seconds.
  path: Assets/Textures/Floor2/ground_tiles_17_normal_dx_1k.png
  artifactKey: Guid(d60e93d52e9f20b499c8887ea49bc900) Importer(815301076,1909f56bfc062723c751e8b465ee728b)
Start importing Assets/Textures/Floor2/ground_tiles_17_normal_dx_1k.png using Guid(d60e93d52e9f20b499c8887ea49bc900) Importer(815301076,1909f56bfc062723c751e8b465ee728b)  -> (artifact id: 'fbc0cc2d387fec9cc5f0eeea92e035a6') in 0.027449 seconds
Number of updated asset objects reloaded before import = 0
Number of asset objects unloaded after import = 2
========================================================================
Received Import Request.
  Time since last request: 6.327471 seconds.
  path: Assets/Textures/BrickB
  artifactKey: Guid(ffc2e5a8b805c9440a498bd5249fc141) Importer(815301076,1909f56bfc062723c751e8b465ee728b)
Start importing Assets/Textures/BrickB using Guid(ffc2e5a8b805c9440a498bd5249fc141) Importer(815301076,1909f56bfc062723c751e8b465ee728b)  -> (artifact id: '9452744cd36eb53654c93f667c8e70d9') in 0.001582 seconds
Number of updated asset objects reloaded before import = 0
Number of asset objects unloaded after import = 0
========================================================================
Received Import Request.
  Time since last request: 0.098397 seconds.
  path: Assets/Textures/BrickB/BBSun.mat
  artifactKey: Guid(78fca3212ffe42e4daec5dc4d590ccd8) Importer(815301076,1909f56bfc062723c751e8b465ee728b)
Start importing Assets/Textures/BrickB/BBSun.mat using Guid(78fca3212ffe42e4daec5dc4d590ccd8) Importer(815301076,1909f56bfc062723c751e8b465ee728b)  -> (artifact id: '3e7feca0ac4ff20e70b09975c80aedda') in 0.108341 seconds
Number of updated asset objects reloaded before import = 0
Number of asset objects unloaded after import = 7
========================================================================
Received Import Request.
  Time since last request: 0.000018 seconds.
  path: Assets/Textures/BrickB/stone_bricks_wall_01_color_1k.png
  artifactKey: Guid(c102db3f36632b94281b3cc0528790d9) Importer(815301076,1909f56bfc062723c751e8b465ee728b)
Start importing Assets/Textures/BrickB/stone_bricks_wall_01_color_1k.png using Guid(c102db3f36632b94281b3cc0528790d9) Importer(815301076,1909f56bfc062723c751e8b465ee728b)  -> (artifact id: 'b760695583cda4a603d0d68156043e0c') in 0.025805 seconds
Number of updated asset objects reloaded before import = 0
Number of asset objects unloaded after import = 2
========================================================================
Received Import Request.
  Time since last request: 0.000019 seconds.
  path: Assets/Textures/BrickB/stone_bricks_wall_01_normal_gl_1k.png
  artifactKey: Guid(8db56358f8956ba43a82b220e1a6293c) Importer(815301076,1909f56bfc062723c751e8b465ee728b)
Start importing Assets/Textures/BrickB/stone_bricks_wall_01_normal_gl_1k.png using Guid(8db56358f8956ba43a82b220e1a6293c) Importer(815301076,1909f56bfc062723c751e8b465ee728b)  -> (artifact id: 'c6e3e4b9091509b0b416e6805c1a3ae7') in 0.030366 seconds
Number of updated asset objects reloaded before import = 0
Number of asset objects unloaded after import = 2
========================================================================
Received Import Request.
  Time since last request: 0.000155 seconds.
  path: Assets/Textures/BrickB/BrickP.mat
  artifactKey: Guid(e95f57b7176c9754e8b34abece40c8af) Importer(815301076,1909f56bfc062723c751e8b465ee728b)
Start importing Assets/Textures/BrickB/BrickP.mat using Guid(e95f57b7176c9754e8b34abece40c8af) Importer(815301076,1909f56bfc062723c751e8b465ee728b)  -> (artifact id: '4721d6885a6a59ce249722e9ee7acac3') in 0.031214 seconds
Number of updated asset objects reloaded before import = 0
Number of asset objects unloaded after import = 7
========================================================================
Received Import Request.
  Time since last request: 1.505619 seconds.
  path: Assets/Textures/Box
  artifactKey: Guid(bd380b57967e0374d8b9c84d91225a73) Importer(815301076,1909f56bfc062723c751e8b465ee728b)
Start importing Assets/Textures/Box using Guid(bd380b57967e0374d8b9c84d91225a73) Importer(815301076,1909f56bfc062723c751e8b465ee728b)  -> (artifact id: 'd240f79c11dc63b1fc479a0309ee095f') in 0.000871 seconds
Number of updated asset objects reloaded before import = 0
Number of asset objects unloaded after import = 0
========================================================================
Received Import Request.
  Time since last request: 0.058018 seconds.
  path: Assets/Textures/Box/BigBox.mat
  artifactKey: Guid(4f8b0c845ecc5a24c8778e92b281b097) Importer(815301076,1909f56bfc062723c751e8b465ee728b)
Start importing Assets/Textures/Box/BigBox.mat using Guid(4f8b0c845ecc5a24c8778e92b281b097) Importer(815301076,1909f56bfc062723c751e8b465ee728b)  -> (artifact id: 'aced4ec2c9384b814bf7864fdc18fda8') in 0.081875 seconds
Number of updated asset objects reloaded before import = 0
Number of asset objects unloaded after import = 9
========================================================================
Received Import Request.
  Time since last request: 0.000020 seconds.
  path: Assets/Textures/Box/wood_05_roughness_1k.png
  artifactKey: Guid(3c358e89bd18ff240a706afb05c428d8) Importer(815301076,1909f56bfc062723c751e8b465ee728b)
Start importing Assets/Textures/Box/wood_05_roughness_1k.png using Guid(3c358e89bd18ff240a706afb05c428d8) Importer(815301076,1909f56bfc062723c751e8b465ee728b)  -> (artifact id: '82e9eb306850626fa9a8acbd8f9ca054') in 0.022562 seconds
Number of updated asset objects reloaded before import = 0
Number of asset objects unloaded after import = 2
========================================================================
Received Import Request.
  Time since last request: 27.378783 seconds.
  path: Assets/Textures/Platform/Pside.mat
  artifactKey: Guid(d97d60d2953893744bc2968e78ad9bee) Importer(815301076,1909f56bfc062723c751e8b465ee728b)
Start importing Assets/Textures/Platform/Pside.mat using Guid(d97d60d2953893744bc2968e78ad9bee) Importer(815301076,1909f56bfc062723c751e8b465ee728b)  -> (artifact id: '017106736c54c822de5502af0d7d0d77') in 0.044608 seconds
Number of updated asset objects reloaded before import = 0
Number of asset objects unloaded after import = 8
========================================================================
Received Import Request.
  Time since last request: 375.673021 seconds.
  path: Assets/Textures/RockC/rock_stone_wall_01_ambient_occlusion_1k.png
  artifactKey: Guid(a7075f03cf685c94e8704b4dd9c29b29) Importer(815301076,1909f56bfc062723c751e8b465ee728b)
Start importing Assets/Textures/RockC/rock_stone_wall_01_ambient_occlusion_1k.png using Guid(a7075f03cf685c94e8704b4dd9c29b29) Importer(815301076,1909f56bfc062723c751e8b465ee728b)  -> (artifact id: '5b2669ddbab98b35e45aca8c27d3b60b') in 0.033374 seconds
Number of updated asset objects reloaded before import = 0
Number of asset objects unloaded after import = 2
========================================================================
Received Import Request.
  Time since last request: 0.003535 seconds.
  path: Assets/Textures/RockC/rock_stone_wall_01_normal_gl_1k.png
  artifactKey: Guid(0dbf2736a287e8e488b86c1d55fae044) Importer(815301076,1909f56bfc062723c751e8b465ee728b)
Start importing Assets/Textures/RockC/rock_stone_wall_01_normal_gl_1k.png using Guid(0dbf2736a287e8e488b86c1d55fae044) Importer(815301076,1909f56bfc062723c751e8b465ee728b)  -> (artifact id: '55f339e98dd6d2c1ab6cbf670a5e86f2') in 0.039704 seconds
Number of updated asset objects reloaded before import = 0
Number of asset objects unloaded after import = 2
========================================================================
Received Import Request.
  Time since last request: 0.000113 seconds.
  path: Assets/Textures/RockC/rock_stone_wall_01_roughness_1k.png
  artifactKey: Guid(5fa318d76e4c71747a72bbe99f358ef4) Importer(815301076,1909f56bfc062723c751e8b465ee728b)
Start importing Assets/Textures/RockC/rock_stone_wall_01_roughness_1k.png using Guid(5fa318d76e4c71747a72bbe99f358ef4) Importer(815301076,1909f56bfc062723c751e8b465ee728b)  -> (artifact id: '19ed3875fa652b11cfbbf6d41c802dff') in 0.036401 seconds
Number of updated asset objects reloaded before import = 0
Number of asset objects unloaded after import = 2
========================================================================
Received Import Request.
  Time since last request: 0.000028 seconds.
  path: Assets/Textures/RockC/rock_stone_wall_01_height_1k.png
  artifactKey: Guid(3e0861e65750b264dbaeb907db088978) Importer(815301076,1909f56bfc062723c751e8b465ee728b)
Start importing Assets/Textures/RockC/rock_stone_wall_01_height_1k.png using Guid(3e0861e65750b264dbaeb907db088978) Importer(815301076,1909f56bfc062723c751e8b465ee728b)  -> (artifact id: '073d07b434efa6eaef28dbe833f357cc') in 0.023208 seconds
Number of updated asset objects reloaded before import = 0
Number of asset objects unloaded after import = 2
Editor requested this worker to shutdown with reason: Scaling down because of idle timeout
TcpMessagingSession - receive error: operation aborted. errorcode: 995, details: The I/O operation has been aborted because of either a thread exit or an application request.
AssetImportWorker is now disconnected from the server
Process exiting
Exiting without the bug reporter. Application will terminate with return code 0