Using pre-set license
Built from '2022.3/staging' branch; Version is '2022.3.9f1 (ea401c316338) revision 15351836'; Using compiler version '192829333'; Build Type 'Release'
OS: 'Windows 11  (10.0.26100) 64bit Core' Language: 'en' Physical Memory: 16235 MB
BatchMode: 1, IsHumanControllingUs: 0, StartBugReporterOnCrash: 0, Is64bit: 1, IsPro: 1

COMMAND LINE ARGUMENTS:
C:\Program Files\Unity\Hub\Editor\2022.3.9f1\Editor\Unity.exe
-adb2
-batchMode
-noUpm
-name
AssetImportWorker15
-projectPath
C:/Users/TheBa/OneDrive/Documents/GitHub/TimeoutCorner/TimeoutCorner
-logFile
Logs/AssetImportWorker15.log
-srvPort
50581
Successfully changed project path to: C:/Users/TheBa/OneDrive/Documents/GitHub/TimeoutCorner/TimeoutCorner
C:/Users/TheBa/OneDrive/Documents/GitHub/TimeoutCorner/TimeoutCorner
[UnityMemory] Configuration Parameters - Can be set up in boot.config
    "memorysetup-bucket-allocator-granularity=16"
    "memorysetup-bucket-allocator-bucket-count=8"
    "memorysetup-bucket-allocator-block-size=33554432"
    "memorysetup-bucket-allocator-block-count=8"
    "memorysetup-main-allocator-block-size=16777216"
    "memorysetup-thread-allocator-block-size=16777216"
    "memorysetup-gfx-main-allocator-block-size=16777216"
    "memorysetup-gfx-thread-allocator-block-size=16777216"
    "memorysetup-cache-allocator-block-size=4194304"
    "memorysetup-typetree-allocator-block-size=2097152"
    "memorysetup-profiler-bucket-allocator-granularity=16"
    "memorysetup-profiler-bucket-allocator-bucket-count=8"
    "memorysetup-profiler-bucket-allocator-block-size=33554432"
    "memorysetup-profiler-bucket-allocator-block-count=8"
    "memorysetup-profiler-allocator-block-size=16777216"
    "memorysetup-profiler-editor-allocator-block-size=1048576"
    "memorysetup-temp-allocator-size-main=16777216"
    "memorysetup-job-temp-allocator-block-size=2097152"
    "memorysetup-job-temp-allocator-block-size-background=1048576"
    "memorysetup-job-temp-allocator-reduction-small-platforms=262144"
    "memorysetup-allocator-temp-initial-block-size-main=262144"
    "memorysetup-allocator-temp-initial-block-size-worker=262144"
    "memorysetup-temp-allocator-size-background-worker=32768"
    "memorysetup-temp-allocator-size-job-worker=262144"
    "memorysetup-temp-allocator-size-preload-manager=33554432"
    "memorysetup-temp-allocator-size-nav-mesh-worker=65536"
    "memorysetup-temp-allocator-size-audio-worker=65536"
    "memorysetup-temp-allocator-size-cloud-worker=32768"
    "memorysetup-temp-allocator-size-gi-baking-worker=262144"
    "memorysetup-temp-allocator-size-gfx=262144"
Player connection [29760] Host "[IP] 26.59.107.39 [Port] 0 [Flags] 2 [Guid] 978286636 [EditorId] 978286636 [Version] 1048832 [Id] WindowsEditor(7,LAPTOP-M6SDNGCQ) [Debug] 1 [PackageName] WindowsEditor [ProjectName] Editor" joined multi-casting on [225.0.0.222:54997]...

Player connection [29760] Host "[IP] 26.59.107.39 [Port] 0 [Flags] 2 [Guid] 978286636 [EditorId] 978286636 [Version] 1048832 [Id] WindowsEditor(7,LAPTOP-M6SDNGCQ) [Debug] 1 [PackageName] WindowsEditor [ProjectName] Editor" joined alternative multi-casting on [225.0.0.222:34997]...

[Physics::Module] Initialized MultithreadedJobDispatcher with 11 workers.
Refreshing native plugins compatible for Editor in 13.53 ms, found 3 plugins.
Preloading 0 native plugins for Editor in 0.00 ms.
Initialize engine version: 2022.3.9f1 (ea401c316338)
[Subsystems] Discovering subsystems at path C:/Program Files/Unity/Hub/Editor/2022.3.9f1/Editor/Data/Resources/UnitySubsystems
[Subsystems] Discovering subsystems at path C:/Users/TheBa/OneDrive/Documents/GitHub/TimeoutCorner/TimeoutCorner/Assets
GfxDevice: creating device client; threaded=0; jobified=0
Direct3D:
    Version:  Direct3D 11.0 [level 11.1]
    Renderer: NVIDIA GeForce GTX 1650 (ID=0x1f91)
    Vendor:   NVIDIA
    VRAM:     3935 MB
    Driver:   32.0.15.6603
Initialize mono
Mono path[0] = 'C:/Program Files/Unity/Hub/Editor/2022.3.9f1/Editor/Data/Managed'
Mono path[1] = 'C:/Program Files/Unity/Hub/Editor/2022.3.9f1/Editor/Data/MonoBleedingEdge/lib/mono/unityjit-win32'
Mono config path = 'C:/Program Files/Unity/Hub/Editor/2022.3.9f1/Editor/Data/MonoBleedingEdge/etc'
Using monoOptions --debugger-agent=transport=dt_socket,embedding=1,server=y,suspend=n,address=127.0.0.1:56648
Begin MonoManager ReloadAssembly
Registering precompiled unity dll's ...
Register platform support module: C:/Program Files/Unity/Hub/Editor/2022.3.9f1/Editor/Data/PlaybackEngines/WindowsStandaloneSupport/UnityEditor.WindowsStandalone.Extensions.dll
Registered in 0.009982 seconds.
- Loaded All Assemblies, in  0.518 seconds
Native extension for WindowsStandalone target not found
Mono: successfully reloaded assembly
- Finished resetting the current domain, in  0.437 seconds
Domain Reload Profiling: 953ms
	BeginReloadAssembly (165ms)
		ExecutionOrderSort (0ms)
		DisableScriptedObjects (0ms)
		BackupInstance (0ms)
		ReleaseScriptingObjects (0ms)
		CreateAndSetChildDomain (1ms)
	RebuildCommonClasses (51ms)
	RebuildNativeTypeToScriptingClass (14ms)
	initialDomainReloadingComplete (79ms)
	LoadAllAssembliesAndSetupDomain (208ms)
		LoadAssemblies (162ms)
		RebuildTransferFunctionScriptingTraits (0ms)
		AnalyzeDomain (205ms)
			TypeCache.Refresh (203ms)
				TypeCache.ScanAssembly (183ms)
			ScanForSourceGeneratedMonoScriptInfo (1ms)
			ResolveRequiredComponents (1ms)
	FinalizeReload (437ms)
		ReleaseScriptCaches (0ms)
		RebuildScriptCaches (0ms)
		SetupLoadedEditorAssemblies (326ms)
			LogAssemblyErrors (0ms)
			InitializePlatformSupportModulesInManaged (15ms)
			SetLoadedEditorAssemblies (12ms)
			RefreshPlugins (0ms)
			BeforeProcessingInitializeOnLoad (4ms)
			ProcessInitializeOnLoadAttributes (219ms)
			ProcessInitializeOnLoadMethodAttributes (76ms)
			AfterProcessingInitializeOnLoad (0ms)
			EditorAssembliesLoaded (0ms)
		ExecutionOrderSort2 (0ms)
		AwakeInstancesAfterBackupRestoration (0ms)
========================================================================
Worker process is ready to serve import requests
Begin MonoManager ReloadAssembly
- Loaded All Assemblies, in  0.921 seconds
Refreshing native plugins compatible for Editor in 4.46 ms, found 3 plugins.
Native extension for WindowsStandalone target not found
Mono: successfully reloaded assembly
- Finished resetting the current domain, in  0.754 seconds
Domain Reload Profiling: 1670ms
	BeginReloadAssembly (227ms)
		ExecutionOrderSort (0ms)
		DisableScriptedObjects (7ms)
		BackupInstance (0ms)
		ReleaseScriptingObjects (0ms)
		CreateAndSetChildDomain (29ms)
	RebuildCommonClasses (46ms)
	RebuildNativeTypeToScriptingClass (14ms)
	initialDomainReloadingComplete (56ms)
	LoadAllAssembliesAndSetupDomain (573ms)
		LoadAssemblies (453ms)
		RebuildTransferFunctionScriptingTraits (0ms)
		AnalyzeDomain (260ms)
			TypeCache.Refresh (229ms)
				TypeCache.ScanAssembly (208ms)
			ScanForSourceGeneratedMonoScriptInfo (20ms)
			ResolveRequiredComponents (8ms)
	FinalizeReload (755ms)
		ReleaseScriptCaches (0ms)
		RebuildScriptCaches (0ms)
		SetupLoadedEditorAssemblies (545ms)
			LogAssemblyErrors (0ms)
			InitializePlatformSupportModulesInManaged (8ms)
			SetLoadedEditorAssemblies (6ms)
			RefreshPlugins (0ms)
			BeforeProcessingInitializeOnLoad (79ms)
			ProcessInitializeOnLoadAttributes (417ms)
			ProcessInitializeOnLoadMethodAttributes (25ms)
			AfterProcessingInitializeOnLoad (9ms)
			EditorAssembliesLoaded (0ms)
		ExecutionOrderSort2 (0ms)
		AwakeInstancesAfterBackupRestoration (13ms)
Launched and connected shader compiler UnityShaderCompiler.exe after 0.07 seconds
Refreshing native plugins compatible for Editor in 7.34 ms, found 3 plugins.
Preloading 0 native plugins for Editor in 0.00 ms.
Unloading 3190 Unused Serialized files (Serialized files now loaded: 0)
Unloading 32 unused Assets / (29.6 KB). Loaded Objects now: 3678.
Memory consumption went from 204.0 MB to 204.0 MB.
Total: 3.551400 ms (FindLiveObjects: 0.321800 ms CreateObjectMapping: 0.309100 ms MarkObjects: 2.865400 ms  DeleteObjects: 0.054200 ms)

AssetImportParameters requested are different than current active one (requested -> active):
  custom:container-demuxer-ogg: 62fdf1f143b41e24485cea50d1cbac27 -> 
  custom:video-decoder-ogg-theora: a1e56fd34408186e4bbccfd4996cb3dc -> 
  custom:framework-win-MediaFoundation: 216162199b28c13a410421893ffa2e32 -> 
  custom:CustomObjectIndexerAttribute: 756ad292c208cfabdd7b50bc23989ffe -> 
  custom:container-demuxer-webm: 4f35f7cbe854078d1ac9338744f61a02 -> 
  custom:container-muxer-webm: aa71ff27fc2769a1b78a27578f13a17b -> 
  custom:video-decoder-webm-vp8: 9c59270c3fd7afecdb556c50c9e8de78 -> 
  custom:SearchIndexIgnoredProperties: e643bd26f0fe6173181afceb89e7c659 -> 
  custom:AudioImporter_EditorPlatform: d09bf68614088b80899f8185d706f6e7 -> 
  custom:video-encoder-webm-vp8: eb34c28f22e8b96e1ab97ce403110664 -> 
  custom:audio-decoder-ogg-vorbis: bf7c407c2cedff20999df2af8eb42d56 -> 
  custom:audio-encoder-webm-vorbis: bf7c407c2cedff20999df2af8eb42d56 -> 
========================================================================
Received Import Request.
  Time since last request: 94325.078634 seconds.
  path: Assets/Textures/Ground/Ground.mat
  artifactKey: Guid(5109951cb54d84744b8632b35030aec6) Importer(815301076,1909f56bfc062723c751e8b465ee728b)
Start importing Assets/Textures/Ground/Ground.mat using Guid(5109951cb54d84744b8632b35030aec6) Importer(815301076,1909f56bfc062723c751e8b465ee728b)  -> (artifact id: 'c6b324a3c1ba51abf0c179dc395af593') in 0.149970 seconds
Number of updated asset objects reloaded before import = 0
Number of asset objects unloaded after import = 1
========================================================================
Received Import Request.
  Time since last request: 30.528726 seconds.
  path: Assets/Textures/Ground/desert_ground_01_normal_gl_1k.png
  artifactKey: Guid(c41930cbe08fe0f4592345e9ea7792f7) Importer(815301076,1909f56bfc062723c751e8b465ee728b)
Start importing Assets/Textures/Ground/desert_ground_01_normal_gl_1k.png using Guid(c41930cbe08fe0f4592345e9ea7792f7) Importer(815301076,1909f56bfc062723c751e8b465ee728b)  -> (artifact id: '2ed05742baa37885ba116a6a9ea1b198') in 0.036142 seconds
Number of updated asset objects reloaded before import = 0
Number of asset objects unloaded after import = 2
========================================================================
Received Import Request.
  Time since last request: 5.925058 seconds.
  path: Assets/Textures/Ground/desert_ground_01_normal_dx_1k.png
  artifactKey: Guid(9d40ce4a266f8c54cafcfd29624cf96b) Importer(815301076,1909f56bfc062723c751e8b465ee728b)
Start importing Assets/Textures/Ground/desert_ground_01_normal_dx_1k.png using Guid(9d40ce4a266f8c54cafcfd29624cf96b) Importer(815301076,1909f56bfc062723c751e8b465ee728b)  -> (artifact id: '0fab5815645e1bf32edd14a3ff10bb6b') in 0.022760 seconds
Number of updated asset objects reloaded before import = 0
Number of asset objects unloaded after import = 2
========================================================================
Received Import Request.
  Time since last request: 53.941644 seconds.
  path: Assets/TextMesh Pro/Examples & Extras/Resources/Fonts & Materials/Oswald Bold SDF.asset
  artifactKey: Guid(0161d805a3764c089bef00bfe00793f5) Importer(815301076,1909f56bfc062723c751e8b465ee728b)
Start importing Assets/TextMesh Pro/Examples & Extras/Resources/Fonts & Materials/Oswald Bold SDF.asset using Guid(0161d805a3764c089bef00bfe00793f5) Importer(815301076,1909f56bfc062723c751e8b465ee728b)  -> (artifact id: '593b82a3e7e685df0c5bd02ea7488fa4') in 0.073179 seconds
Number of updated asset objects reloaded before import = 0
Number of asset objects unloaded after import = 6
========================================================================
Received Import Request.
  Time since last request: 0.000784 seconds.
  path: Assets/Materials/skybox/px.png
  artifactKey: Guid(e921acd38df373348a72c13a5321ff84) Importer(815301076,1909f56bfc062723c751e8b465ee728b)
Start importing Assets/Materials/skybox/px.png using Guid(e921acd38df373348a72c13a5321ff84) Importer(815301076,1909f56bfc062723c751e8b465ee728b)  -> (artifact id: '26139245816c04d559e2a94f180c9dc4') in 0.035131 seconds
Number of updated asset objects reloaded before import = 0
Number of asset objects unloaded after import = 2
========================================================================
Received Import Request.
  Time since last request: 0.000023 seconds.
  path: Assets/Materials/skybox/pz.png
  artifactKey: Guid(8c6ca80f4a65dd24f887d60a3928fb2a) Importer(815301076,1909f56bfc062723c751e8b465ee728b)
Start importing Assets/Materials/skybox/pz.png using Guid(8c6ca80f4a65dd24f887d60a3928fb2a) Importer(815301076,1909f56bfc062723c751e8b465ee728b)  -> (artifact id: '032849de79f54cd891e6584901024035') in 0.032581 seconds
Number of updated asset objects reloaded before import = 0
Number of asset objects unloaded after import = 2
========================================================================
Received Import Request.
  Time since last request: 0.000020 seconds.
  path: Assets/Materials/skybox/py.png
  artifactKey: Guid(af92e93147039b04eae630cd49b4da33) Importer(815301076,1909f56bfc062723c751e8b465ee728b)
Start importing Assets/Materials/skybox/py.png using Guid(af92e93147039b04eae630cd49b4da33) Importer(815301076,1909f56bfc062723c751e8b465ee728b)  -> (artifact id: 'f1bfe172ee8d59456eef415d71461a2b') in 0.031350 seconds
Number of updated asset objects reloaded before import = 0
Number of asset objects unloaded after import = 2
========================================================================
Received Import Request.
  Time since last request: 0.000017 seconds.
  path: Assets/Scenes/SampleScene/ReflectionProbe-1.exr
  artifactKey: Guid(cdccfa1e5d607d94795192ddf2773a3c) Importer(815301076,1909f56bfc062723c751e8b465ee728b)
Start importing Assets/Scenes/SampleScene/ReflectionProbe-1.exr using Guid(cdccfa1e5d607d94795192ddf2773a3c) Importer(815301076,1909f56bfc062723c751e8b465ee728b)  -> (artifact id: '32387ae99a4ddbe1eb88b907e1f7d69d') in 0.041698 seconds
Number of updated asset objects reloaded before import = 0
Number of asset objects unloaded after import = 1
========================================================================
Received Import Request.
  Time since last request: 0.000035 seconds.
  path: Assets/Scenes/SampleScene/ReflectionProbe-2.exr
  artifactKey: Guid(df9cffaf00613e9499aa956448a9d2ce) Importer(815301076,1909f56bfc062723c751e8b465ee728b)
Start importing Assets/Scenes/SampleScene/ReflectionProbe-2.exr using Guid(df9cffaf00613e9499aa956448a9d2ce) Importer(815301076,1909f56bfc062723c751e8b465ee728b)  -> (artifact id: '66572902918fb1c426ae79856b1b37e6') in 0.037067 seconds
Number of updated asset objects reloaded before import = 0
Number of asset objects unloaded after import = 1
========================================================================
Received Import Request.
  Time since last request: 0.000031 seconds.
  path: Assets/Scenes/SampleScene/ReflectionProbe-0.exr
  artifactKey: Guid(29f6bc2b76ff8e64db546eaf03fa6eb8) Importer(815301076,1909f56bfc062723c751e8b465ee728b)
Start importing Assets/Scenes/SampleScene/ReflectionProbe-0.exr using Guid(29f6bc2b76ff8e64db546eaf03fa6eb8) Importer(815301076,1909f56bfc062723c751e8b465ee728b)  -> (artifact id: 'e293856314951e713b6d34701dae5fe0') in 0.029172 seconds
Number of updated asset objects reloaded before import = 0
Number of asset objects unloaded after import = 1
========================================================================
Received Import Request.
  Time since last request: 0.677449 seconds.
  path: Assets/Materials/skybox/nx.png
  artifactKey: Guid(111d9c6b44f7ae640a8df3ce5b6f3d32) Importer(815301076,1909f56bfc062723c751e8b465ee728b)
Start importing Assets/Materials/skybox/nx.png using Guid(111d9c6b44f7ae640a8df3ce5b6f3d32) Importer(815301076,1909f56bfc062723c751e8b465ee728b)  -> (artifact id: '7bb53f7539ce29ff74a2ac02bfc6b4f0') in 0.032865 seconds
Number of updated asset objects reloaded before import = 0
Number of asset objects unloaded after import = 2
========================================================================
Received Import Request.
  Time since last request: 0.000021 seconds.
  path: Assets/Materials/skybox/nz.png
  artifactKey: Guid(9c35aa8af056f4145a2104a4df8d11f7) Importer(815301076,1909f56bfc062723c751e8b465ee728b)
Start importing Assets/Materials/skybox/nz.png using Guid(9c35aa8af056f4145a2104a4df8d11f7) Importer(815301076,1909f56bfc062723c751e8b465ee728b)  -> (artifact id: '4b8d53bbe4881d6b35f3eb96b39b2c27') in 0.034328 seconds
Number of updated asset objects reloaded before import = 0
Number of asset objects unloaded after import = 2
========================================================================
Received Import Request.
  Time since last request: 0.209412 seconds.
  path: Assets/SkySeries Freebie/FreebieHdri/FluffballDayTop.hdr
  artifactKey: Guid(c769857dc541ab7449d1352d7ff46ce8) Importer(815301076,1909f56bfc062723c751e8b465ee728b)
Start importing Assets/SkySeries Freebie/FreebieHdri/FluffballDayTop.hdr using Guid(c769857dc541ab7449d1352d7ff46ce8) Importer(815301076,1909f56bfc062723c751e8b465ee728b)  -> (artifact id: '05a7debb58711df11c0204afbd0246c0') in 0.031097 seconds
Number of updated asset objects reloaded before import = 0
Number of asset objects unloaded after import = 2
========================================================================
Received Import Request.
  Time since last request: 0.000016 seconds.
  path: Assets/TextMesh Pro/Examples & Extras/Fonts/Anton.ttf
  artifactKey: Guid(997a43b767814dd0a7642ec9b78cba41) Importer(815301076,1909f56bfc062723c751e8b465ee728b)
Start importing Assets/TextMesh Pro/Examples & Extras/Fonts/Anton.ttf using Guid(997a43b767814dd0a7642ec9b78cba41) Importer(815301076,1909f56bfc062723c751e8b465ee728b)  -> (artifact id: 'e9f14033b84d77025a5fbc24bc4dbf86') in 0.022220 seconds
Number of updated asset objects reloaded before import = 0
Number of asset objects unloaded after import = 4
========================================================================
Received Import Request.
  Time since last request: 0.001161 seconds.
  path: Assets/TextMesh Pro/Examples & Extras/Fonts/Electronic Highway Sign.TTF
  artifactKey: Guid(8a2b9e2a607dd2143b58c44bc32410b4) Importer(815301076,1909f56bfc062723c751e8b465ee728b)
Start importing Assets/TextMesh Pro/Examples & Extras/Fonts/Electronic Highway Sign.TTF using Guid(8a2b9e2a607dd2143b58c44bc32410b4) Importer(815301076,1909f56bfc062723c751e8b465ee728b)  -> (artifact id: 'c7f305e02e39be85e2631c4793c8812a') in 0.023290 seconds
Number of updated asset objects reloaded before import = 0
Number of asset objects unloaded after import = 4
========================================================================
Received Import Request.
  Time since last request: 0.000024 seconds.
  path: Assets/TextMesh Pro/Examples & Extras/Textures/Gradient Diagonal (Color).jpg
  artifactKey: Guid(2ce5c55e85304b819a1826ecbc839aa5) Importer(815301076,1909f56bfc062723c751e8b465ee728b)
Start importing Assets/TextMesh Pro/Examples & Extras/Textures/Gradient Diagonal (Color).jpg using Guid(2ce5c55e85304b819a1826ecbc839aa5) Importer(815301076,1909f56bfc062723c751e8b465ee728b)  -> (artifact id: 'da8b57d2105e34122be9e74419d80622') in 0.029920 seconds
Number of updated asset objects reloaded before import = 0
Number of asset objects unloaded after import = 2
========================================================================
Received Import Request.
  Time since last request: 0.000027 seconds.
  path: Assets/TextMesh Pro/Examples & Extras/Textures/Gradient Vertical (Color).jpg
  artifactKey: Guid(03d0538de6e24c0f819bfc9ce084dfa9) Importer(815301076,1909f56bfc062723c751e8b465ee728b)
Start importing Assets/TextMesh Pro/Examples & Extras/Textures/Gradient Vertical (Color).jpg using Guid(03d0538de6e24c0f819bfc9ce084dfa9) Importer(815301076,1909f56bfc062723c751e8b465ee728b)  -> (artifact id: '9c1baff6e247ff706ff965f3625b36a3') in 0.022044 seconds
Number of updated asset objects reloaded before import = 0
Number of asset objects unloaded after import = 2
========================================================================
Received Import Request.
  Time since last request: 0.069824 seconds.
  path: Assets/SkySeries Freebie/FreebieHdri/FluffballDayLeft.hdr
  artifactKey: Guid(a78d8299279fda54098aca1c72ecfae1) Importer(815301076,1909f56bfc062723c751e8b465ee728b)
Start importing Assets/SkySeries Freebie/FreebieHdri/FluffballDayLeft.hdr using Guid(a78d8299279fda54098aca1c72ecfae1) Importer(815301076,1909f56bfc062723c751e8b465ee728b)  -> (artifact id: 'ae055ed71917735db7420b57c994f9e2') in 0.025323 seconds
Number of updated asset objects reloaded before import = 0
Number of asset objects unloaded after import = 2
========================================================================
Received Import Request.
  Time since last request: 0.095113 seconds.
  path: Assets/TextMesh Pro/Examples & Extras/Textures/Floor Cement.jpg
  artifactKey: Guid(283f897e4925411ebbaa758b4cb13fc2) Importer(815301076,1909f56bfc062723c751e8b465ee728b)
Start importing Assets/TextMesh Pro/Examples & Extras/Textures/Floor Cement.jpg using Guid(283f897e4925411ebbaa758b4cb13fc2) Importer(815301076,1909f56bfc062723c751e8b465ee728b)  -> (artifact id: 'c0b93f1d4082b7864ab03a7b82d1b765') in 0.031500 seconds
Number of updated asset objects reloaded before import = 0
Number of asset objects unloaded after import = 2
========================================================================
Received Import Request.
  Time since last request: 0.000019 seconds.
  path: Assets/SkySeries Freebie/FreebieHdri/FluffballDay4k.hdr
  artifactKey: Guid(3e80b688af9b1d84ea52c5d36bb1cbbd) Importer(815301076,1909f56bfc062723c751e8b465ee728b)
Start importing Assets/SkySeries Freebie/FreebieHdri/FluffballDay4k.hdr using Guid(3e80b688af9b1d84ea52c5d36bb1cbbd) Importer(815301076,1909f56bfc062723c751e8b465ee728b)  -> (artifact id: '967216eef604220662e6b8994ae85dbc') in 0.112896 seconds
Number of updated asset objects reloaded before import = 0
Number of asset objects unloaded after import = 1
========================================================================
Received Import Request.
  Time since last request: 0.698973 seconds.
  path: Assets/Textures/Fire/FireSpot.png
  artifactKey: Guid(7359f4ee7a12e364192fe66cb6680d10) Importer(815301076,1909f56bfc062723c751e8b465ee728b)
Start importing Assets/Textures/Fire/FireSpot.png using Guid(7359f4ee7a12e364192fe66cb6680d10) Importer(815301076,1909f56bfc062723c751e8b465ee728b)  -> (artifact id: '7b46669b64d51740330c66117b401bc0') in 0.024082 seconds
Number of updated asset objects reloaded before import = 0
Number of asset objects unloaded after import = 2
========================================================================
Received Import Request.
  Time since last request: 0.000065 seconds.
  path: Assets/Textures/Fire/Fire.png
  artifactKey: Guid(c8e1dffc1ff47c446a3b07deabdd2a5a) Importer(815301076,1909f56bfc062723c751e8b465ee728b)
Start importing Assets/Textures/Fire/Fire.png using Guid(c8e1dffc1ff47c446a3b07deabdd2a5a) Importer(815301076,1909f56bfc062723c751e8b465ee728b)  -> (artifact id: 'a8ed1dda0989d8b7b51f89f77b6df3e8') in 0.027073 seconds
Number of updated asset objects reloaded before import = 0
Number of asset objects unloaded after import = 2
========================================================================
Received Import Request.
  Time since last request: 0.195816 seconds.
  path: Assets/TextMesh Pro/Examples & Extras/Sprites/DropCap Numbers.psd
  artifactKey: Guid(fd09957580ac4326916010f1f260975b) Importer(815301076,1909f56bfc062723c751e8b465ee728b)
Start importing Assets/TextMesh Pro/Examples & Extras/Sprites/DropCap Numbers.psd using Guid(fd09957580ac4326916010f1f260975b) Importer(815301076,1909f56bfc062723c751e8b465ee728b)  -> (artifact id: '201b78a784c930296a8bd2c8a99aaf53') in 0.022451 seconds
Number of updated asset objects reloaded before import = 0
Number of asset objects unloaded after import = 2
========================================================================
Received Import Request.
  Time since last request: 1.411273 seconds.
  path: Assets/Models/Braziers/DefaultMaterial_Mixed_AO.png
  artifactKey: Guid(10696a7dab246474db9483cf1b367147) Importer(815301076,1909f56bfc062723c751e8b465ee728b)
Start importing Assets/Models/Braziers/DefaultMaterial_Mixed_AO.png using Guid(10696a7dab246474db9483cf1b367147) Importer(815301076,1909f56bfc062723c751e8b465ee728b)  -> (artifact id: '04093d9f21be22ddfed177742752abf0') in 0.039537 seconds
Number of updated asset objects reloaded before import = 0
Number of asset objects unloaded after import = 2
========================================================================
Received Import Request.
  Time since last request: 0.000019 seconds.
  path: Assets/SkySeries Freebie/FreebieHdri/DayInTheClouds4k.hdr
  artifactKey: Guid(90196f2c2d8d2f2448717676e1a09894) Importer(815301076,1909f56bfc062723c751e8b465ee728b)
Start importing Assets/SkySeries Freebie/FreebieHdri/DayInTheClouds4k.hdr using Guid(90196f2c2d8d2f2448717676e1a09894) Importer(815301076,1909f56bfc062723c751e8b465ee728b)  -> (artifact id: '75ec640ee88f0812bc4dda7a5da97ff0') in 0.091802 seconds
Number of updated asset objects reloaded before import = 0
Number of asset objects unloaded after import = 1
========================================================================
Received Import Request.
  Time since last request: 0.000030 seconds.
  path: Assets/Models/Braziers/DefaultMaterial_Metallic.png
  artifactKey: Guid(c71861692f792d941ab2629f09234928) Importer(815301076,1909f56bfc062723c751e8b465ee728b)
Start importing Assets/Models/Braziers/DefaultMaterial_Metallic.png using Guid(c71861692f792d941ab2629f09234928) Importer(815301076,1909f56bfc062723c751e8b465ee728b)  -> (artifact id: '1cf4a2a880500398d8291d30e64e8543') in 0.041041 seconds
Number of updated asset objects reloaded before import = 0
Number of asset objects unloaded after import = 2
========================================================================
Received Import Request.
  Time since last request: 0.000036 seconds.
  path: Assets/Models/Crane/CraneDamage_M7_Normal_DX.png
  artifactKey: Guid(8a33b9363b7bc404dbb7465bb6c84605) Importer(815301076,1909f56bfc062723c751e8b465ee728b)
Start importing Assets/Models/Crane/CraneDamage_M7_Normal_DX.png using Guid(8a33b9363b7bc404dbb7465bb6c84605) Importer(815301076,1909f56bfc062723c751e8b465ee728b)  -> (artifact id: '04559fbdc185e5bfa0e0ad1996d0d4ae') in 0.045210 seconds
Number of updated asset objects reloaded before import = 0
Number of asset objects unloaded after import = 2
========================================================================
Received Import Request.
  Time since last request: 0.000019 seconds.
  path: Assets/Models/Crane/CraneDamage_M7_Roughness.png
  artifactKey: Guid(f5702354db33b9947a7f6c14b1cca73f) Importer(815301076,1909f56bfc062723c751e8b465ee728b)
Start importing Assets/Models/Crane/CraneDamage_M7_Roughness.png using Guid(f5702354db33b9947a7f6c14b1cca73f) Importer(815301076,1909f56bfc062723c751e8b465ee728b)  -> (artifact id: '8f652f889ffefc4c624957350eb56740') in 0.042468 seconds
Number of updated asset objects reloaded before import = 0
Number of asset objects unloaded after import = 2
========================================================================
Received Import Request.
  Time since last request: 0.000034 seconds.
  path: Assets/Models/Braziers/DefaultMaterial_Normal_GL.png
  artifactKey: Guid(00f77f4476577a541b62b9580b47c2cd) Importer(815301076,1909f56bfc062723c751e8b465ee728b)
Start importing Assets/Models/Braziers/DefaultMaterial_Normal_GL.png using Guid(00f77f4476577a541b62b9580b47c2cd) Importer(815301076,1909f56bfc062723c751e8b465ee728b)  -> (artifact id: '6e4a59bd342e5309600af6793b99c021') in 0.045772 seconds
Number of updated asset objects reloaded before import = 0
Number of asset objects unloaded after import = 2
========================================================================
Received Import Request.
  Time since last request: 0.000018 seconds.
  path: Assets/Models/Boxes/BigBox_M5_Normal_DX.png
  artifactKey: Guid(3d8b7353036760d43b8374d1685c8191) Importer(815301076,1909f56bfc062723c751e8b465ee728b)
Start importing Assets/Models/Boxes/BigBox_M5_Normal_DX.png using Guid(3d8b7353036760d43b8374d1685c8191) Importer(815301076,1909f56bfc062723c751e8b465ee728b)  -> (artifact id: '5146d512ad9b330b3690e255bd636bda') in 0.033046 seconds
Number of updated asset objects reloaded before import = 0
Number of asset objects unloaded after import = 2
========================================================================
Received Import Request.
  Time since last request: 0.000029 seconds.
  path: Assets/SkySeries Freebie/FreebieHdri/CasualDay4K.hdr
  artifactKey: Guid(1153dc89e66880c4eb7adc16ba588855) Importer(815301076,1909f56bfc062723c751e8b465ee728b)
Start importing Assets/SkySeries Freebie/FreebieHdri/CasualDay4K.hdr using Guid(1153dc89e66880c4eb7adc16ba588855) Importer(815301076,1909f56bfc062723c751e8b465ee728b)  -> (artifact id: '473acb942a0f0ffff93ec0f540cbfe87') in 0.106703 seconds
Number of updated asset objects reloaded before import = 0
Number of asset objects unloaded after import = 1
========================================================================
Received Import Request.
  Time since last request: 0.000023 seconds.
  path: Assets/SkySeries Freebie/FreebieHdri/Cloudymorning4k.hdr
  artifactKey: Guid(3b5d67736d7b8ad4f8da4d58eaef0b98) Importer(815301076,1909f56bfc062723c751e8b465ee728b)
Start importing Assets/SkySeries Freebie/FreebieHdri/Cloudymorning4k.hdr using Guid(3b5d67736d7b8ad4f8da4d58eaef0b98) Importer(815301076,1909f56bfc062723c751e8b465ee728b)  -> (artifact id: '3421927761a8fbc884160997f7584c06') in 0.141939 seconds
Number of updated asset objects reloaded before import = 0
Number of asset objects unloaded after import = 1
========================================================================
Received Import Request.
  Time since last request: 0.000045 seconds.
  path: Assets/Models/Boxes/BigBox_M5_Base_color.png
  artifactKey: Guid(1de02a9a22d65c9479c48595c7a1f579) Importer(815301076,1909f56bfc062723c751e8b465ee728b)
Start importing Assets/Models/Boxes/BigBox_M5_Base_color.png using Guid(1de02a9a22d65c9479c48595c7a1f579) Importer(815301076,1909f56bfc062723c751e8b465ee728b)  -> (artifact id: '921ff309aae599fdc91b4bd21fb94d7f') in 0.042803 seconds
Number of updated asset objects reloaded before import = 0
Number of asset objects unloaded after import = 2
========================================================================
Received Import Request.
  Time since last request: 0.000019 seconds.
  path: Assets/Textures/Fire/74023ebb-d7a4-4971-86f7-085bf9f9fd4a.png
  artifactKey: Guid(a4cf9ada512026e4db8325d52414224f) Importer(815301076,1909f56bfc062723c751e8b465ee728b)
Start importing Assets/Textures/Fire/74023ebb-d7a4-4971-86f7-085bf9f9fd4a.png using Guid(a4cf9ada512026e4db8325d52414224f) Importer(815301076,1909f56bfc062723c751e8b465ee728b)  -> (artifact id: '9fc562285a7dfcf314090459acce4b44') in 0.024820 seconds
Number of updated asset objects reloaded before import = 0
Number of asset objects unloaded after import = 2
========================================================================
Received Import Request.
  Time since last request: 1.086625 seconds.
  path: Assets/TextMesh Pro/Examples & Extras/Resources/Fonts & Materials/Anton SDF.asset
  artifactKey: Guid(8a89fa14b10d46a99122fd4f73fca9a2) Importer(815301076,1909f56bfc062723c751e8b465ee728b)
Start importing Assets/TextMesh Pro/Examples & Extras/Resources/Fonts & Materials/Anton SDF.asset using Guid(8a89fa14b10d46a99122fd4f73fca9a2) Importer(815301076,1909f56bfc062723c751e8b465ee728b)  -> (artifact id: '0f07e31006cf5c240929ab1921e7a80c') in 0.068149 seconds
Number of updated asset objects reloaded before import = 0
Number of asset objects unloaded after import = 6
========================================================================
Received Import Request.
  Time since last request: 1.218730 seconds.
  path: Assets/SkySeries Freebie/FreebieHdri/CoriolisNight4k.hdr
  artifactKey: Guid(354036e57ae357148aed267204ce73a7) Importer(815301076,1909f56bfc062723c751e8b465ee728b)
Start importing Assets/SkySeries Freebie/FreebieHdri/CoriolisNight4k.hdr using Guid(354036e57ae357148aed267204ce73a7) Importer(815301076,1909f56bfc062723c751e8b465ee728b)  -> (artifact id: 'ad07b2a72acdb629ff3a0c85d0f8c406') in 0.099199 seconds
Number of updated asset objects reloaded before import = 0
Number of asset objects unloaded after import = 1
========================================================================
Received Import Request.
  Time since last request: 0.234013 seconds.
  path: Assets/SkySeries Freebie/FreebieHdri/CosmicCoolCloudFront.hdr
  artifactKey: Guid(d822c5eff7d42f04691027bc8c2b0716) Importer(815301076,1909f56bfc062723c751e8b465ee728b)
Start importing Assets/SkySeries Freebie/FreebieHdri/CosmicCoolCloudFront.hdr using Guid(d822c5eff7d42f04691027bc8c2b0716) Importer(815301076,1909f56bfc062723c751e8b465ee728b)  -> (artifact id: 'b33feca408e67e43fae4d494e23d37c5') in 0.035246 seconds
Number of updated asset objects reloaded before import = 0
Number of asset objects unloaded after import = 2
========================================================================
Received Import Request.
  Time since last request: 0.000019 seconds.
  path: Assets/SkySeries Freebie/FreebieHdri/CosmicCoolCloudTop.hdr
  artifactKey: Guid(a199da0432efa6a489df8883d1f3bfe0) Importer(815301076,1909f56bfc062723c751e8b465ee728b)
Start importing Assets/SkySeries Freebie/FreebieHdri/CosmicCoolCloudTop.hdr using Guid(a199da0432efa6a489df8883d1f3bfe0) Importer(815301076,1909f56bfc062723c751e8b465ee728b)  -> (artifact id: '132258ce04e1c7019ec86f86058f4d28') in 0.031423 seconds
Number of updated asset objects reloaded before import = 0
Number of asset objects unloaded after import = 2
========================================================================
Received Import Request.
  Time since last request: 0.060027 seconds.
  path: Assets/Models/Crane/CraneDamage_M7_Base_color.png
  artifactKey: Guid(12ece2536beaa4645ada6df9adf8979c) Importer(815301076,1909f56bfc062723c751e8b465ee728b)
Start importing Assets/Models/Crane/CraneDamage_M7_Base_color.png using Guid(12ece2536beaa4645ada6df9adf8979c) Importer(815301076,1909f56bfc062723c751e8b465ee728b)  -> (artifact id: '769b5b670ae706ca959ab2ce4961e40b') in 0.038687 seconds
Number of updated asset objects reloaded before import = 0
Number of asset objects unloaded after import = 2
========================================================================
Received Import Request.
  Time since last request: 6.950762 seconds.
  path: Assets/SkySeries Freebie/FreebieHdri/HighFantasy4k.hdr
  artifactKey: Guid(6e998e53d0a82bb45928cd08a0fcfff3) Importer(815301076,1909f56bfc062723c751e8b465ee728b)
Start importing Assets/SkySeries Freebie/FreebieHdri/HighFantasy4k.hdr using Guid(6e998e53d0a82bb45928cd08a0fcfff3) Importer(815301076,1909f56bfc062723c751e8b465ee728b)  -> (artifact id: '9a96292cd17d33de7b2b2c13ae96d9f1') in 0.078297 seconds
Number of updated asset objects reloaded before import = 0
Number of asset objects unloaded after import = 1
========================================================================
Received Import Request.
  Time since last request: 13.450872 seconds.
  path: Assets/Textures/Ground/NewBrush.brush
  artifactKey: Guid(859e71d31dc4ea84c9d1637341d5d3ab) Importer(815301076,1909f56bfc062723c751e8b465ee728b)
Start importing Assets/Textures/Ground/NewBrush.brush using Guid(859e71d31dc4ea84c9d1637341d5d3ab) Importer(815301076,1909f56bfc062723c751e8b465ee728b)  -> (artifact id: '3eb2a06737648260627985ae662220af') in 0.027387 seconds
Number of updated asset objects reloaded before import = 0
Number of asset objects unloaded after import = 2
========================================================================
Received Import Request.
  Time since last request: 1385.691743 seconds.
  path: Assets/SkySeries Freebie/FreebieHdri/UnderTheSea4k.hdr
  artifactKey: Guid(26cddb2a3a1bc804d8e9ca09b109793a) Importer(815301076,1909f56bfc062723c751e8b465ee728b)
Start importing Assets/SkySeries Freebie/FreebieHdri/UnderTheSea4k.hdr using Guid(26cddb2a3a1bc804d8e9ca09b109793a) Importer(815301076,1909f56bfc062723c751e8b465ee728b)  -> (artifact id: '4d999e26838daa44c3aff47086e0a662') in 0.073367 seconds
Number of updated asset objects reloaded before import = 0
Number of asset objects unloaded after import = 1
========================================================================
Received Prepare
Begin MonoManager ReloadAssembly
- Loaded All Assemblies, in  0.719 seconds
Refreshing native plugins compatible for Editor in 5.55 ms, found 3 plugins.
Native extension for WindowsStandalone target not found
Mono: successfully reloaded assembly
- Finished resetting the current domain, in  1.369 seconds
Domain Reload Profiling: 2085ms
	BeginReloadAssembly (270ms)
		ExecutionOrderSort (0ms)
		DisableScriptedObjects (7ms)
		BackupInstance (0ms)
		ReleaseScriptingObjects (0ms)
		CreateAndSetChildDomain (78ms)
	RebuildCommonClasses (61ms)
	RebuildNativeTypeToScriptingClass (16ms)
	initialDomainReloadingComplete (44ms)
	LoadAllAssembliesAndSetupDomain (325ms)
		LoadAssemblies (444ms)
		RebuildTransferFunctionScriptingTraits (0ms)
		AnalyzeDomain (22ms)
			TypeCache.Refresh (10ms)
				TypeCache.ScanAssembly (0ms)
			ScanForSourceGeneratedMonoScriptInfo (0ms)
			ResolveRequiredComponents (9ms)
	FinalizeReload (1370ms)
		ReleaseScriptCaches (0ms)
		RebuildScriptCaches (0ms)
		SetupLoadedEditorAssemblies (600ms)
			LogAssemblyErrors (0ms)
			InitializePlatformSupportModulesInManaged (11ms)
			SetLoadedEditorAssemblies (6ms)
			RefreshPlugins (0ms)
			BeforeProcessingInitializeOnLoad (96ms)
			ProcessInitializeOnLoadAttributes (443ms)
			ProcessInitializeOnLoadMethodAttributes (33ms)
			AfterProcessingInitializeOnLoad (10ms)
			EditorAssembliesLoaded (0ms)
		ExecutionOrderSort2 (0ms)
		AwakeInstancesAfterBackupRestoration (15ms)
Refreshing native plugins compatible for Editor in 4.51 ms, found 3 plugins.
Preloading 0 native plugins for Editor in 0.00 ms.
Unloading 3169 Unused Serialized files (Serialized files now loaded: 0)
Unloading 24 unused Assets / (31.0 KB). Loaded Objects now: 3736.
Memory consumption went from 204.9 MB to 204.8 MB.
Total: 3.728700 ms (FindLiveObjects: 0.285900 ms CreateObjectMapping: 0.282600 ms MarkObjects: 3.105600 ms  DeleteObjects: 0.053900 ms)

Prepare: number of updated asset objects reloaded= 0
AssetImportParameters requested are different than current active one (requested -> active):
  custom:container-demuxer-ogg: 62fdf1f143b41e24485cea50d1cbac27 -> 
  custom:video-decoder-ogg-theora: a1e56fd34408186e4bbccfd4996cb3dc -> 
  custom:framework-win-MediaFoundation: 216162199b28c13a410421893ffa2e32 -> 
  custom:CustomObjectIndexerAttribute: 756ad292c208cfabdd7b50bc23989ffe -> 
  custom:container-demuxer-webm: 4f35f7cbe854078d1ac9338744f61a02 -> 
  custom:container-muxer-webm: aa71ff27fc2769a1b78a27578f13a17b -> 
  custom:video-decoder-webm-vp8: 9c59270c3fd7afecdb556c50c9e8de78 -> 
  custom:SearchIndexIgnoredProperties: e643bd26f0fe6173181afceb89e7c659 -> 
  custom:AudioImporter_EditorPlatform: d09bf68614088b80899f8185d706f6e7 -> 
  custom:video-encoder-webm-vp8: eb34c28f22e8b96e1ab97ce403110664 -> 
  custom:audio-decoder-ogg-vorbis: bf7c407c2cedff20999df2af8eb42d56 -> 
  custom:audio-encoder-webm-vorbis: bf7c407c2cedff20999df2af8eb42d56 -> 
========================================================================
Received Import Request.
  Time since last request: 1700.070198 seconds.
  path: Assets/Textures/Fire
  artifactKey: Guid(8fcb20416c5078c489a0a0fad6a5fec7) Importer(815301076,1909f56bfc062723c751e8b465ee728b)
Start importing Assets/Textures/Fire using Guid(8fcb20416c5078c489a0a0fad6a5fec7) Importer(815301076,1909f56bfc062723c751e8b465ee728b)  -> (artifact id: '196127ad31ef3d46304d9a9ae5542d5d') in 0.027471 seconds
Number of updated asset objects reloaded before import = 0
Number of asset objects unloaded after import = 0
========================================================================
Received Import Request.
  Time since last request: 7.273944 seconds.
  path: Assets/New Terrain.asset
  artifactKey: Guid(77580483b4423774282a57d3e7a749f0) Importer(815301076,1909f56bfc062723c751e8b465ee728b)
Start importing Assets/New Terrain.asset using Guid(77580483b4423774282a57d3e7a749f0) Importer(815301076,1909f56bfc062723c751e8b465ee728b)  -> (artifact id: '2213b33319df8dc328d6eade512e9fea') in 0.027647 seconds
Number of updated asset objects reloaded before import = 0
Number of asset objects unloaded after import = 1
========================================================================
Received Import Request.
  Time since last request: 0.000091 seconds.
  path: Assets/New Terrain 2.asset
  artifactKey: Guid(7db640c494710f4478f74551137a1aeb) Importer(815301076,1909f56bfc062723c751e8b465ee728b)
Start importing Assets/New Terrain 2.asset using Guid(7db640c494710f4478f74551137a1aeb) Importer(815301076,1909f56bfc062723c751e8b465ee728b)  -> (artifact id: '4014aebe01d899522e5933debc9846c2') in 0.006849 seconds
Number of updated asset objects reloaded before import = 0
Number of asset objects unloaded after import = 1
========================================================================
Received Import Request.
  Time since last request: 19.385047 seconds.
  path: Assets/Textures/Stone/Wall 1.mat
  artifactKey: Guid(5221295ffb372824f9f75d7c0f90e5a5) Importer(815301076,1909f56bfc062723c751e8b465ee728b)
Start importing Assets/Textures/Stone/Wall 1.mat using Guid(5221295ffb372824f9f75d7c0f90e5a5) Importer(815301076,1909f56bfc062723c751e8b465ee728b)  -> (artifact id: 'c20e3bbfb4c13ec9d1918d6b6c6064cb') in 0.156633 seconds
Number of updated asset objects reloaded before import = 0
Number of asset objects unloaded after import = 7
========================================================================
Received Import Request.
  Time since last request: 12.772080 seconds.
  path: Assets/Textures/Stone/Windowsill.mat
  artifactKey: Guid(5221295ffb372824f9f75d7c0f90e5a5) Importer(815301076,1909f56bfc062723c751e8b465ee728b)
Start importing Assets/Textures/Stone/Windowsill.mat using Guid(5221295ffb372824f9f75d7c0f90e5a5) Importer(815301076,1909f56bfc062723c751e8b465ee728b)  -> (artifact id: '9d63e3e9928df8e1f8c4da3ed46d94f8') in 0.024881 seconds
Number of updated asset objects reloaded before import = 0
Number of asset objects unloaded after import = 7
========================================================================
Received Import Request.
  Time since last request: 139.890377 seconds.
  path: Assets/Textures/Stone/Windowsill.mat
  artifactKey: Guid(5221295ffb372824f9f75d7c0f90e5a5) Importer(815301076,1909f56bfc062723c751e8b465ee728b)
Start importing Assets/Textures/Stone/Windowsill.mat using Guid(5221295ffb372824f9f75d7c0f90e5a5) Importer(815301076,1909f56bfc062723c751e8b465ee728b)  -> (artifact id: '9480a74ad343a70b43a4d576150dea46') in 0.071915 seconds
Number of updated asset objects reloaded before import = 0
Number of asset objects unloaded after import = 7
========================================================================
Received Import Request.
  Time since last request: 6.294820 seconds.
  path: Assets/Textures/Stone/LWindowsill.mat
  artifactKey: Guid(fceea1378f936bd4b8f7b9180cea9133) Importer(815301076,1909f56bfc062723c751e8b465ee728b)
Start importing Assets/Textures/Stone/LWindowsill.mat using Guid(fceea1378f936bd4b8f7b9180cea9133) Importer(815301076,1909f56bfc062723c751e8b465ee728b)  -> (artifact id: 'a0a885c46515e3e78629be2a7923dbb0') in 0.037937 seconds
Number of updated asset objects reloaded before import = 0
Number of asset objects unloaded after import = 7
========================================================================
Received Import Request.
  Time since last request: 355.374289 seconds.
  path: Assets/Textures/Stone/LWindowsill.mat
  artifactKey: Guid(fceea1378f936bd4b8f7b9180cea9133) Importer(815301076,1909f56bfc062723c751e8b465ee728b)
Start importing Assets/Textures/Stone/LWindowsill.mat using Guid(fceea1378f936bd4b8f7b9180cea9133) Importer(815301076,1909f56bfc062723c751e8b465ee728b)  -> (artifact id: 'c69fb36846e1520b30bfcf6e5262c77a') in 0.042730 seconds
Number of updated asset objects reloaded before import = 0
Number of asset objects unloaded after import = 7
========================================================================
Received Import Request.
  Time since last request: 6.750997 seconds.
  path: Assets/Textures/Stone/PGuide.mat
  artifactKey: Guid(b0915db828f70b94e97faa0a3fdcc41b) Importer(815301076,1909f56bfc062723c751e8b465ee728b)
Start importing Assets/Textures/Stone/PGuide.mat using Guid(b0915db828f70b94e97faa0a3fdcc41b) Importer(815301076,1909f56bfc062723c751e8b465ee728b)  -> (artifact id: '7c9eaa8749ad358ec16aa051261a3b53') in 0.025104 seconds
Number of updated asset objects reloaded before import = 0
Number of asset objects unloaded after import = 7
========================================================================
Received Import Request.
  Time since last request: 77.816263 seconds.
  path: Assets/Textures/Stone/PGuide 1.mat
  artifactKey: Guid(0828137b812a6534c80f6b580d0ef4d2) Importer(815301076,1909f56bfc062723c751e8b465ee728b)
Start importing Assets/Textures/Stone/PGuide 1.mat using Guid(0828137b812a6534c80f6b580d0ef4d2) Importer(815301076,1909f56bfc062723c751e8b465ee728b)  -> (artifact id: '816f80eac856fcb4d52da24f3822005c') in 0.030023 seconds
Number of updated asset objects reloaded before import = 0
Number of asset objects unloaded after import = 7
========================================================================
Received Import Request.
  Time since last request: 6.552106 seconds.
  path: Assets/Textures/Stone/Ledge.mat
  artifactKey: Guid(0828137b812a6534c80f6b580d0ef4d2) Importer(815301076,1909f56bfc062723c751e8b465ee728b)
Start importing Assets/Textures/Stone/Ledge.mat using Guid(0828137b812a6534c80f6b580d0ef4d2) Importer(815301076,1909f56bfc062723c751e8b465ee728b)  -> (artifact id: '5ab99225b1aa00d1549fb93db8c0f377') in 0.022598 seconds
Number of updated asset objects reloaded before import = 0
Number of asset objects unloaded after import = 7
========================================================================
Received Import Request.
  Time since last request: 40.363364 seconds.
  path: Assets/Textures/Stone/Ledge.mat
  artifactKey: Guid(0828137b812a6534c80f6b580d0ef4d2) Importer(815301076,1909f56bfc062723c751e8b465ee728b)
Start importing Assets/Textures/Stone/Ledge.mat using Guid(0828137b812a6534c80f6b580d0ef4d2) Importer(815301076,1909f56bfc062723c751e8b465ee728b)  -> (artifact id: 'c6966d4047885eb601c59c31cda3e72c') in 0.029108 seconds
Number of updated asset objects reloaded before import = 0
Number of asset objects unloaded after import = 7
========================================================================
Received Import Request.
  Time since last request: 4.168492 seconds.
  path: Assets/Textures/Stone/LedgeS.mat
  artifactKey: Guid(9d31d04ff85a59d43b76288f03cf7de0) Importer(815301076,1909f56bfc062723c751e8b465ee728b)
Start importing Assets/Textures/Stone/LedgeS.mat using Guid(9d31d04ff85a59d43b76288f03cf7de0) Importer(815301076,1909f56bfc062723c751e8b465ee728b)  -> (artifact id: '644d3a5397fd0438c607cd3030d57703') in 0.043217 seconds
Number of updated asset objects reloaded before import = 0
Number of asset objects unloaded after import = 7
========================================================================
Received Prepare
Begin MonoManager ReloadAssembly
- Loaded All Assemblies, in  0.700 seconds
Refreshing native plugins compatible for Editor in 4.63 ms, found 3 plugins.
Native extension for WindowsStandalone target not found
Mono: successfully reloaded assembly
- Finished resetting the current domain, in  1.544 seconds
Domain Reload Profiling: 2240ms
	BeginReloadAssembly (242ms)
		ExecutionOrderSort (0ms)
		DisableScriptedObjects (7ms)
		BackupInstance (0ms)
		ReleaseScriptingObjects (0ms)
		CreateAndSetChildDomain (61ms)
	RebuildCommonClasses (62ms)
	RebuildNativeTypeToScriptingClass (17ms)
	initialDomainReloadingComplete (48ms)
	LoadAllAssembliesAndSetupDomain (327ms)
		LoadAssemblies (435ms)
		RebuildTransferFunctionScriptingTraits (0ms)
		AnalyzeDomain (24ms)
			TypeCache.Refresh (10ms)
				TypeCache.ScanAssembly (0ms)
			ScanForSourceGeneratedMonoScriptInfo (0ms)
			ResolveRequiredComponents (11ms)
	FinalizeReload (1544ms)
		ReleaseScriptCaches (0ms)
		RebuildScriptCaches (0ms)
		SetupLoadedEditorAssemblies (667ms)
			LogAssemblyErrors (0ms)
			InitializePlatformSupportModulesInManaged (14ms)
			SetLoadedEditorAssemblies (7ms)
			RefreshPlugins (0ms)
			BeforeProcessingInitializeOnLoad (119ms)
			ProcessInitializeOnLoadAttributes (484ms)
			ProcessInitializeOnLoadMethodAttributes (32ms)
			AfterProcessingInitializeOnLoad (12ms)
			EditorAssembliesLoaded (0ms)
		ExecutionOrderSort2 (0ms)
		AwakeInstancesAfterBackupRestoration (22ms)
Refreshing native plugins compatible for Editor in 8.27 ms, found 3 plugins.
Preloading 0 native plugins for Editor in 0.00 ms.
Unloading 3169 Unused Serialized files (Serialized files now loaded: 0)
Unloading 24 unused Assets / (31.1 KB). Loaded Objects now: 3739.
Memory consumption went from 204.8 MB to 204.8 MB.
Total: 12.648600 ms (FindLiveObjects: 0.426800 ms CreateObjectMapping: 0.376600 ms MarkObjects: 11.763900 ms  DeleteObjects: 0.079900 ms)

Prepare: number of updated asset objects reloaded= 0
AssetImportParameters requested are different than current active one (requested -> active):
  custom:container-demuxer-ogg: 62fdf1f143b41e24485cea50d1cbac27 -> 
  custom:video-decoder-ogg-theora: a1e56fd34408186e4bbccfd4996cb3dc -> 
  custom:framework-win-MediaFoundation: 216162199b28c13a410421893ffa2e32 -> 
  custom:CustomObjectIndexerAttribute: 756ad292c208cfabdd7b50bc23989ffe -> 
  custom:container-demuxer-webm: 4f35f7cbe854078d1ac9338744f61a02 -> 
  custom:container-muxer-webm: aa71ff27fc2769a1b78a27578f13a17b -> 
  custom:video-decoder-webm-vp8: 9c59270c3fd7afecdb556c50c9e8de78 -> 
  custom:SearchIndexIgnoredProperties: e643bd26f0fe6173181afceb89e7c659 -> 
  custom:AudioImporter_EditorPlatform: d09bf68614088b80899f8185d706f6e7 -> 
  custom:video-encoder-webm-vp8: eb34c28f22e8b96e1ab97ce403110664 -> 
  custom:audio-decoder-ogg-vorbis: bf7c407c2cedff20999df2af8eb42d56 -> 
  custom:audio-encoder-webm-vorbis: bf7c407c2cedff20999df2af8eb42d56 -> 
========================================================================
Received Import Request.
  Time since last request: 349.289364 seconds.
  path: Assets/Textures/Ground/NewLayer 1.terrainlayer
  artifactKey: Guid(8ff78b3c90d831948a5e94509d01f8dd) Importer(815301076,1909f56bfc062723c751e8b465ee728b)
Start importing Assets/Textures/Ground/NewLayer 1.terrainlayer using Guid(8ff78b3c90d831948a5e94509d01f8dd) Importer(815301076,1909f56bfc062723c751e8b465ee728b)  -> (artifact id: 'cba49636ae74b8b444b8b9f51efc33c5') in 0.069319 seconds
Number of updated asset objects reloaded before import = 0
Number of asset objects unloaded after import = 2
========================================================================
Received Import Request.
  Time since last request: 8.700065 seconds.
  path: Assets/Textures/Ground/Ground.mat
  artifactKey: Guid(5109951cb54d84744b8632b35030aec6) Importer(815301076,1909f56bfc062723c751e8b465ee728b)
Start importing Assets/Textures/Ground/Ground.mat using Guid(5109951cb54d84744b8632b35030aec6) Importer(815301076,1909f56bfc062723c751e8b465ee728b)  -> (artifact id: '58176a522e53cf8d74152fec9d02c332') in 0.082664 seconds
Number of updated asset objects reloaded before import = 0
Number of asset objects unloaded after import = 8
========================================================================
Received Prepare
Begin MonoManager ReloadAssembly
- Loaded All Assemblies, in  0.560 seconds
Refreshing native plugins compatible for Editor in 3.89 ms, found 3 plugins.
Native extension for WindowsStandalone target not found
Mono: successfully reloaded assembly
- Finished resetting the current domain, in  1.095 seconds
Domain Reload Profiling: 1651ms
	BeginReloadAssembly (200ms)
		ExecutionOrderSort (0ms)
		DisableScriptedObjects (6ms)
		BackupInstance (0ms)
		ReleaseScriptingObjects (0ms)
		CreateAndSetChildDomain (43ms)
	RebuildCommonClasses (56ms)
	RebuildNativeTypeToScriptingClass (15ms)
	initialDomainReloadingComplete (43ms)
	LoadAllAssembliesAndSetupDomain (241ms)
		LoadAssemblies (337ms)
		RebuildTransferFunctionScriptingTraits (0ms)
		AnalyzeDomain (17ms)
			TypeCache.Refresh (7ms)
				TypeCache.ScanAssembly (0ms)
			ScanForSourceGeneratedMonoScriptInfo (0ms)
			ResolveRequiredComponents (8ms)
	FinalizeReload (1096ms)
		ReleaseScriptCaches (0ms)
		RebuildScriptCaches (0ms)
		SetupLoadedEditorAssemblies (485ms)
			LogAssemblyErrors (0ms)
			InitializePlatformSupportModulesInManaged (7ms)
			SetLoadedEditorAssemblies (6ms)
			RefreshPlugins (0ms)
			BeforeProcessingInitializeOnLoad (83ms)
			ProcessInitializeOnLoadAttributes (356ms)
			ProcessInitializeOnLoadMethodAttributes (26ms)
			AfterProcessingInitializeOnLoad (8ms)
			EditorAssembliesLoaded (0ms)
		ExecutionOrderSort2 (0ms)
		AwakeInstancesAfterBackupRestoration (11ms)
Refreshing native plugins compatible for Editor in 4.43 ms, found 3 plugins.
Preloading 0 native plugins for Editor in 0.00 ms.
Unloading 3169 Unused Serialized files (Serialized files now loaded: 0)
Unloading 24 unused Assets / (31.1 KB). Loaded Objects now: 3744.
Memory consumption went from 204.9 MB to 204.8 MB.
Total: 3.282100 ms (FindLiveObjects: 0.268100 ms CreateObjectMapping: 0.243700 ms MarkObjects: 2.719000 ms  DeleteObjects: 0.050700 ms)

Prepare: number of updated asset objects reloaded= 0
AssetImportParameters requested are different than current active one (requested -> active):
  custom:container-demuxer-ogg: 62fdf1f143b41e24485cea50d1cbac27 -> 
  custom:video-decoder-ogg-theora: a1e56fd34408186e4bbccfd4996cb3dc -> 
  custom:framework-win-MediaFoundation: 216162199b28c13a410421893ffa2e32 -> 
  custom:CustomObjectIndexerAttribute: 756ad292c208cfabdd7b50bc23989ffe -> 
  custom:container-demuxer-webm: 4f35f7cbe854078d1ac9338744f61a02 -> 
  custom:container-muxer-webm: aa71ff27fc2769a1b78a27578f13a17b -> 
  custom:video-decoder-webm-vp8: 9c59270c3fd7afecdb556c50c9e8de78 -> 
  custom:SearchIndexIgnoredProperties: e643bd26f0fe6173181afceb89e7c659 -> 
  custom:AudioImporter_EditorPlatform: d09bf68614088b80899f8185d706f6e7 -> 
  custom:video-encoder-webm-vp8: eb34c28f22e8b96e1ab97ce403110664 -> 
  custom:audio-decoder-ogg-vorbis: bf7c407c2cedff20999df2af8eb42d56 -> 
  custom:audio-encoder-webm-vorbis: bf7c407c2cedff20999df2af8eb42d56 -> 
========================================================================
Received Import Request.
  Time since last request: 434.393710 seconds.
  path: Assets/New Terrain.asset
  artifactKey: Guid(77580483b4423774282a57d3e7a749f0) Importer(815301076,1909f56bfc062723c751e8b465ee728b)
Start importing Assets/New Terrain.asset using Guid(77580483b4423774282a57d3e7a749f0) Importer(815301076,1909f56bfc062723c751e8b465ee728b)  -> (artifact id: '964e8092bf56c1d1ed9aab1a173a9fc9') in 0.179191 seconds
Number of updated asset objects reloaded before import = 0
Number of asset objects unloaded after import = 3
========================================================================
Received Import Request.
  Time since last request: 0.000023 seconds.
  path: Assets/New Terrain 2.asset
  artifactKey: Guid(7db640c494710f4478f74551137a1aeb) Importer(815301076,1909f56bfc062723c751e8b465ee728b)
Start importing Assets/New Terrain 2.asset using Guid(7db640c494710f4478f74551137a1aeb) Importer(815301076,1909f56bfc062723c751e8b465ee728b)  -> (artifact id: '797781a99dfcaf406aab9d50e7ae3c00') in 0.025711 seconds
Number of updated asset objects reloaded before import = 0
Number of asset objects unloaded after import = 3
========================================================================
Received Import Request.
  Time since last request: 66.755044 seconds.
  path: Assets/Models/Boat
  artifactKey: Guid(f5d3550b0b7f6544eac1a5c15cea2758) Importer(815301076,1909f56bfc062723c751e8b465ee728b)
Start importing Assets/Models/Boat using Guid(f5d3550b0b7f6544eac1a5c15cea2758) Importer(815301076,1909f56bfc062723c751e8b465ee728b)  -> (artifact id: '4a96fbc3ecc691ccc103d141b09d5e9a') in 0.000899 seconds
Number of updated asset objects reloaded before import = 0
Number of asset objects unloaded after import = 0
========================================================================
Received Import Request.
  Time since last request: 8.398481 seconds.
  path: Assets/Models/Boat/wooden_boat_01_lod1.fbx
  artifactKey: Guid(26450038b58f7c8428998c86ca6e21dc) Importer(815301076,1909f56bfc062723c751e8b465ee728b)
Start importing Assets/Models/Boat/wooden_boat_01_lod1.fbx using Guid(26450038b58f7c8428998c86ca6e21dc) Importer(815301076,1909f56bfc062723c751e8b465ee728b)  -> (artifact id: '8943af2e2f41aec73bfc5a98658a8e7f') in 0.100728 seconds
Number of updated asset objects reloaded before import = 0
Number of asset objects unloaded after import = 7
========================================================================
Received Import Request.
  Time since last request: 35.186539 seconds.
  path: Assets/Models/Boat/wooden_boat_Base_color.png
  artifactKey: Guid(0a177a357d99e4846a2b98e10c2b1448) Importer(815301076,1909f56bfc062723c751e8b465ee728b)
Start importing Assets/Models/Boat/wooden_boat_Base_color.png using Guid(0a177a357d99e4846a2b98e10c2b1448) Importer(815301076,1909f56bfc062723c751e8b465ee728b)  -> (artifact id: '7f58e9106cfb3e6693e0473902d86fbb') in 0.039424 seconds
Number of updated asset objects reloaded before import = 0
Number of asset objects unloaded after import = 2
========================================================================
Received Import Request.
  Time since last request: 0.000017 seconds.
  path: Assets/Models/Boat/wooden_boat_Normal_GL.png
  artifactKey: Guid(356a9dcc3b88ae04eab8fa413c4a27df) Importer(815301076,1909f56bfc062723c751e8b465ee728b)
Start importing Assets/Models/Boat/wooden_boat_Normal_GL.png using Guid(356a9dcc3b88ae04eab8fa413c4a27df) Importer(815301076,1909f56bfc062723c751e8b465ee728b)  -> (artifact id: '9d5f465a987ecd8335be2630a40521f4') in 0.033446 seconds
Number of updated asset objects reloaded before import = 0
Number of asset objects unloaded after import = 2
========================================================================
Received Import Request.
  Time since last request: 15.269098 seconds.
  path: Assets/Models/Boat/Boat.mat
  artifactKey: Guid(dda3b7486427a774d85082672acc2674) Importer(815301076,1909f56bfc062723c751e8b465ee728b)
Start importing Assets/Models/Boat/Boat.mat using Guid(dda3b7486427a774d85082672acc2674) Importer(815301076,1909f56bfc062723c751e8b465ee728b)  -> (artifact id: '581314b187393f4fddbfe19450e842f8') in 0.067317 seconds
Number of updated asset objects reloaded before import = 0
Number of asset objects unloaded after import = 1
========================================================================
Received Import Request.
  Time since last request: 116.585400 seconds.
  path: Assets/Models/Boat/wooden_boat_Normal_GL.png
  artifactKey: Guid(356a9dcc3b88ae04eab8fa413c4a27df) Importer(815301076,1909f56bfc062723c751e8b465ee728b)
Start importing Assets/Models/Boat/wooden_boat_Normal_GL.png using Guid(356a9dcc3b88ae04eab8fa413c4a27df) Importer(815301076,1909f56bfc062723c751e8b465ee728b)  -> (artifact id: '16643bf5bf342cb0527fec81dccdf831') in 0.030239 seconds
Number of updated asset objects reloaded before import = 0
Number of asset objects unloaded after import = 2
========================================================================
Received Import Request.
  Time since last request: 6.526116 seconds.
  path: Assets/Models/Boat/wooden_boat_Normal_DX.png
  artifactKey: Guid(97f5a3ebc969c744aa5910069bb462da) Importer(815301076,1909f56bfc062723c751e8b465ee728b)
Start importing Assets/Models/Boat/wooden_boat_Normal_DX.png using Guid(97f5a3ebc969c744aa5910069bb462da) Importer(815301076,1909f56bfc062723c751e8b465ee728b)  -> (artifact id: 'ebca7ccb5213c6bbeb53fd07605d1f0f') in 0.027110 seconds
Number of updated asset objects reloaded before import = 0
Number of asset objects unloaded after import = 2
========================================================================
Received Import Request.
  Time since last request: 93.193295 seconds.
  path: Assets/Models/Boat/Boat.mat
  artifactKey: Guid(dda3b7486427a774d85082672acc2674) Importer(815301076,1909f56bfc062723c751e8b465ee728b)
Start importing Assets/Models/Boat/Boat.mat using Guid(dda3b7486427a774d85082672acc2674) Importer(815301076,1909f56bfc062723c751e8b465ee728b)  -> (artifact id: '4bf65be4921ae7fb745759c898d075c3') in 0.063654 seconds
Number of updated asset objects reloaded before import = 0
Number of asset objects unloaded after import = 6
